#-----------------------------------------------------------
# Vivado v2024.2 (64-bit)
# SW Build 5239630 on Fri Nov 08 22:34:34 MST 2024
# IP Build 5239520 on Sun Nov 10 16:12:51 MST 2024
# SharedData Build 5239561 on Fri Nov 08 14:39:27 MST 2024
# Start of session at: Sun Dec 22 13:37:49 2024
# Process ID         : 54353
# Current directory  : /home/lukas/fpga_vivado/projects/Divider/execution
# Command line       : vivado -mode batch -source ../tcl_scripts/run_simulation.tcl
# Log file           : /home/lukas/fpga_vivado/projects/Divider/execution/vivado.log
# Journal file       : /home/lukas/fpga_vivado/projects/Divider/execution/vivado.jou
# Running On         : LukasDell
# Platform           : Ubuntu
# Operating System   : Ubuntu 24.04.1 LTS
# Processor Detail   : AMD Ryzen 5 5625U with Radeon Graphics
# CPU Frequency      : 3476.408 MHz
# CPU Physical cores : 6
# CPU Logical cores  : 12
# Host memory        : 24508 MB
# Swap memory        : 8589 MB
# Total Virtual      : 33098 MB
# Available Virtual  : 24024 MB
#-----------------------------------------------------------
source ../tcl_scripts/run_simulation.tcl
# open_project /home/lukas/fpga_vivado/projects/Divider/Divider.xpr
INFO: [filemgmt 56-3] Default IP Output Path : Could not find the directory '/home/lukas/fpga_vivado/projects/Divider/Divider.gen/sources_1'.
Scanning sources...
Finished scanning sources
# add_files /home/lukas/fpga_vivado/projects/Divider/MyHDL/sim/divider_tb.v
# add_files /home/lukas/fpga_vivado/projects/Divider/MyHDL/src/divider.v
WARNING: [filemgmt 56-12] File '/home/lukas/fpga_vivado/projects/Divider/MyHDL/src/divider.v' cannot be added to the project because it already exists in the project, skipping this file
# set_property top Divider_tb [current_fileset -simset]
# launch_simulation
Command: launch_simulation 
INFO: [Vivado 12-12493] Simulation top is 'Divider_tb'
INFO: [Vivado 12-5682] Launching behavioral simulation in '/home/lukas/fpga_vivado/projects/Divider/Divider.sim/sim_1/behav/xsim'
INFO: [SIM-utils-51] Simulation object is 'sim_1'
INFO: [SIM-utils-72] Using boost library from '/home/lukas/fpga_vivado/Vivado/2024.2/tps/boost_1_72_0'
INFO: [SIM-utils-54] Inspecting design source files for 'Divider_tb' in fileset 'sim_1'...
INFO: [USF-XSim-97] Finding global include files...
INFO: [USF-XSim-100] Fetching design files from 'sources_1'...(this may take a while)...
INFO: [USF-XSim-101] Fetching design files from 'sim_1'...
INFO: [USF-XSim-2] XSim::Compile design
INFO: [USF-XSim-61] Executing 'COMPILE and ANALYZE' step in '/home/lukas/fpga_vivado/projects/Divider/Divider.sim/sim_1/behav/xsim'
xvlog --incr --relax -prj Divider_tb_vlog.prj
Waiting for jobs to finish...
No pending jobs, compilation finished.
INFO: [USF-XSim-69] 'compile' step finished in '1' seconds
INFO: [USF-XSim-3] XSim::Elaborate design
INFO: [USF-XSim-61] Executing 'ELABORATE' step in '/home/lukas/fpga_vivado/projects/Divider/Divider.sim/sim_1/behav/xsim'
xelab --incr --debug typical --relax --mt 8 -L xil_defaultlib -L unisims_ver -L unimacro_ver -L secureip --snapshot Divider_tb_behav xil_defaultlib.Divider_tb xil_defaultlib.glbl -log elaborate.log
Vivado Simulator v2024.2.0
Copyright 1986-2022 Xilinx, Inc. All Rights Reserved.
Copyright 2022-2024 Advanced Micro Devices, Inc. All Rights Reserved.
Running: /home/lukas/fpga_vivado/Vivado/2024.2/bin/unwrapped/lnx64.o/xelab --incr --debug typical --relax --mt 8 -L xil_defaultlib -L unisims_ver -L unimacro_ver -L secureip --snapshot Divider_tb_behav xil_defaultlib.Divider_tb xil_defaultlib.glbl -log elaborate.log 
Using 8 slave threads.
Starting static elaboration
Pass Through NonSizing Optimizer
Completed static elaboration
INFO: [XSIM 43-4323] No Change in HDL. Linking previously generated obj files to create kernel
INFO: [USF-XSim-69] 'elaborate' step finished in '1' seconds
INFO: [USF-XSim-4] XSim::Simulate design
INFO: [USF-XSim-61] Executing 'SIMULATE' step in '/home/lukas/fpga_vivado/projects/Divider/Divider.sim/sim_1/behav/xsim'
INFO: [USF-XSim-98] *** Running xsim
   with args "Divider_tb_behav -key {Behavioral:sim_1:Functional:Divider_tb} -tclbatch {Divider_tb.tcl} -log {simulate.log}"
INFO: [USF-XSim-8] Loading simulator feature
Time resolution is 1 ps
source Divider_tb.tcl
## set curr_wave [current_wave_config]
## if { [string length $curr_wave] == 0 } {
##   if { [llength [get_objects]] > 0} {
##     add_wave /
##     set_property needs_save false [current_wave_config]
##   } else {
##      send_msg_id Add_Wave-1 WARNING "No top level signals found. Simulator will start without a wave window. If you want to open a wave window go to 'File->New Waveform Configuration' or type 'create_wave_config' in the TCL console."
##   }
## }
## run 1000ns
INFO: [USF-XSim-96] XSim completed. Design snapshot 'Divider_tb_behav' loaded.
INFO: [USF-XSim-97] XSim simulation ran for 1000ns
INFO: [Common 17-206] Exiting Vivado at Sun Dec 22 13:38:00 2024...
