
*** Running vivado
    with args -log top.vdi -applog -m64 -product Vivado -messageDb vivado.pb -mode batch -source top.tcl -notrace


****** Vivado v2024.2 (64-bit)
  **** SW Build 5239630 on Fri Nov 08 22:34:34 MST 2024
  **** IP Build 5239520 on Sun Nov 10 16:12:51 MST 2024
  **** SharedData Build 5239561 on Fri Nov 08 14:39:27 MST 2024
  **** Start of session at: Sun Mar 23 20:25:43 2025
    ** Copyright 1986-2022 Xilinx, Inc. All Rights Reserved.
    ** Copyright 2022-2024 Advanced Micro Devices, Inc. All Rights Reserved.

source top.tcl -notrace
create_project: Time (s): cpu = 00:00:05 ; elapsed = 00:00:05 . Memory (MB): peak = 1512.664 ; gain = 75.840 ; free physical = 2757 ; free virtual = 21051
Command: link_design -top top -part xc7a35tcpg236-1
Design is defaulting to srcset: sources_1
Design is defaulting to constrset: constrs_1
INFO: [Device 21-403] Loading part xc7a35tcpg236-1
Netlist sorting complete. Time (s): cpu = 00:00:00 ; elapsed = 00:00:00 . Memory (MB): peak = 1696.828 ; gain = 0.000 ; free physical = 2583 ; free virtual = 20877
INFO: [Netlist 29-17] Analyzing 36 Unisim elements for replacement
INFO: [Netlist 29-28] Unisim Transformation completed in 0 CPU seconds
INFO: [Project 1-479] Netlist was created with Vivado 2024.2
INFO: [Project 1-570] Preparing netlist for logic optimization
Parsing XDC File [/home/lukas/fpga_vivado/projects/uart_raspberry/uart_raspberry.srcs/constrs_1/new/pin_constr.xdc]
Finished Parsing XDC File [/home/lukas/fpga_vivado/projects/uart_raspberry/uart_raspberry.srcs/constrs_1/new/pin_constr.xdc]
INFO: [Opt 31-138] Pushed 0 inverter(s) to 0 load pin(s).
Netlist sorting complete. Time (s): cpu = 00:00:00 ; elapsed = 00:00:00 . Memory (MB): peak = 1905.512 ; gain = 0.000 ; free physical = 2487 ; free virtual = 20782
INFO: [Project 1-111] Unisim Transformation Summary:
No Unisim elements were transformed.

7 Infos, 0 Warnings, 0 Critical Warnings and 0 Errors encountered.
link_design completed successfully
Command: opt_design
Attempting to get a license for feature 'Implementation' and/or device 'xc7a35t'
INFO: [Common 17-349] Got license for feature 'Implementation' and/or device 'xc7a35t'
Running DRC as a precondition to command opt_design

Starting DRC Task
INFO: [DRC 23-27] Running DRC with 8 threads
INFO: [Project 1-461] DRC finished with 0 Errors
INFO: [Project 1-462] Please refer to the DRC report (report_drc) for more information.

Time (s): cpu = 00:00:02 ; elapsed = 00:00:00.46 . Memory (MB): peak = 1990.621 ; gain = 79.172 ; free physical = 2424 ; free virtual = 20719

Starting Cache Timing Information Task
INFO: [Timing 38-35] Done setting XDC timing constraints.
Ending Cache Timing Information Task | Checksum: 267200389

Time (s): cpu = 00:00:04 ; elapsed = 00:00:04 . Memory (MB): peak = 2449.418 ; gain = 458.797 ; free physical = 2029 ; free virtual = 20324

Starting Logic Optimization Task

Phase 1 Initialization

Phase 1.1 Core Generation And Design Setup
Phase 1.1 Core Generation And Design Setup | Checksum: 267200389

Time (s): cpu = 00:00:00 ; elapsed = 00:00:00.01 . Memory (MB): peak = 2788.309 ; gain = 0.000 ; free physical = 1683 ; free virtual = 19980

Phase 1.2 Setup Constraints And Sort Netlist
Phase 1.2 Setup Constraints And Sort Netlist | Checksum: 267200389

Time (s): cpu = 00:00:00 ; elapsed = 00:00:00.01 . Memory (MB): peak = 2788.309 ; gain = 0.000 ; free physical = 1683 ; free virtual = 19980
Phase 1 Initialization | Checksum: 267200389

Time (s): cpu = 00:00:00 ; elapsed = 00:00:00.01 . Memory (MB): peak = 2788.309 ; gain = 0.000 ; free physical = 1683 ; free virtual = 19980

Phase 2 Timer Update And Timing Data Collection

Phase 2.1 Timer Update
Phase 2.1 Timer Update | Checksum: 267200389

Time (s): cpu = 00:00:00 ; elapsed = 00:00:00.01 . Memory (MB): peak = 2788.309 ; gain = 0.000 ; free physical = 1683 ; free virtual = 19980

Phase 2.2 Timing Data Collection
Phase 2.2 Timing Data Collection | Checksum: 267200389

Time (s): cpu = 00:00:00 ; elapsed = 00:00:00.01 . Memory (MB): peak = 2788.309 ; gain = 0.000 ; free physical = 1683 ; free virtual = 19980
Phase 2 Timer Update And Timing Data Collection | Checksum: 267200389

Time (s): cpu = 00:00:00 ; elapsed = 00:00:00.02 . Memory (MB): peak = 2788.309 ; gain = 0.000 ; free physical = 1683 ; free virtual = 19980

Phase 3 Retarget
INFO: [Opt 31-1851] Number of loadless carry chains removed were: 0
INFO: [Opt 31-1834] Total Chains To Be Transformed Were: 0 AND Number of Transformed insts Created are: 0
INFO: [Opt 31-138] Pushed 0 inverter(s) to 0 load pin(s).
INFO: [Opt 31-49] Retargeted 0 cell(s).
Phase 3 Retarget | Checksum: 267200389

Time (s): cpu = 00:00:00.01 ; elapsed = 00:00:00.03 . Memory (MB): peak = 2788.309 ; gain = 0.000 ; free physical = 1683 ; free virtual = 19980
Retarget | Checksum: 267200389
INFO: [Opt 31-389] Phase Retarget created 0 cells and removed 0 cells

Phase 4 Constant propagation
INFO: [Opt 31-138] Pushed 0 inverter(s) to 0 load pin(s).
Phase 4 Constant propagation | Checksum: 267200389

Time (s): cpu = 00:00:00.01 ; elapsed = 00:00:00.03 . Memory (MB): peak = 2788.309 ; gain = 0.000 ; free physical = 1683 ; free virtual = 19980
Constant propagation | Checksum: 267200389
INFO: [Opt 31-389] Phase Constant propagation created 0 cells and removed 0 cells

Phase 5 Sweep
INFO: [Constraints 18-11670] Building netlist checker database with flags, 0x8
Done building netlist checker database: Time (s): cpu = 00:00:00 ; elapsed = 00:00:00 . Memory (MB): peak = 2788.309 ; gain = 0.000 ; free physical = 1683 ; free virtual = 19980
Phase 5 Sweep | Checksum: 2dd5dacd1

Time (s): cpu = 00:00:00.01 ; elapsed = 00:00:00.03 . Memory (MB): peak = 2788.309 ; gain = 0.000 ; free physical = 1683 ; free virtual = 19980
Sweep | Checksum: 2dd5dacd1
INFO: [Opt 31-389] Phase Sweep created 1 cells and removed 0 cells

Phase 6 BUFG optimization
Phase 6 BUFG optimization | Checksum: 2dd5dacd1

Time (s): cpu = 00:00:00.02 ; elapsed = 00:00:00.04 . Memory (MB): peak = 2820.324 ; gain = 32.016 ; free physical = 1683 ; free virtual = 19980
BUFG optimization | Checksum: 2dd5dacd1
INFO: [Opt 31-662] Phase BUFG optimization created 0 cells of which 0 are BUFGs and removed 0 cells.

Phase 7 Shift Register Optimization
INFO: [Opt 31-1064] SRL Remap converted 0 SRLs to 0 registers and converted 0 registers of register chains to 0 SRLs
Phase 7 Shift Register Optimization | Checksum: 2dd5dacd1

Time (s): cpu = 00:00:00.02 ; elapsed = 00:00:00.04 . Memory (MB): peak = 2820.324 ; gain = 32.016 ; free physical = 1683 ; free virtual = 19980
Shift Register Optimization | Checksum: 2dd5dacd1
INFO: [Opt 31-389] Phase Shift Register Optimization created 0 cells and removed 0 cells

Phase 8 Post Processing Netlist
Phase 8 Post Processing Netlist | Checksum: 251d7e54c

Time (s): cpu = 00:00:00.02 ; elapsed = 00:00:00.04 . Memory (MB): peak = 2820.324 ; gain = 32.016 ; free physical = 1683 ; free virtual = 19980
Post Processing Netlist | Checksum: 251d7e54c
INFO: [Opt 31-389] Phase Post Processing Netlist created 0 cells and removed 0 cells

Phase 9 Finalization

Phase 9.1 Finalizing Design Cores and Updating Shapes
Phase 9.1 Finalizing Design Cores and Updating Shapes | Checksum: 25353d203

Time (s): cpu = 00:00:00.03 ; elapsed = 00:00:00.05 . Memory (MB): peak = 2820.324 ; gain = 32.016 ; free physical = 1683 ; free virtual = 19980

Phase 9.2 Verifying Netlist Connectivity

Starting Connectivity Check Task

Time (s): cpu = 00:00:00 ; elapsed = 00:00:00 . Memory (MB): peak = 2820.324 ; gain = 0.000 ; free physical = 1683 ; free virtual = 19980
Phase 9.2 Verifying Netlist Connectivity | Checksum: 25353d203

Time (s): cpu = 00:00:00.03 ; elapsed = 00:00:00.05 . Memory (MB): peak = 2820.324 ; gain = 32.016 ; free physical = 1683 ; free virtual = 19980
Phase 9 Finalization | Checksum: 25353d203

Time (s): cpu = 00:00:00.03 ; elapsed = 00:00:00.05 . Memory (MB): peak = 2820.324 ; gain = 32.016 ; free physical = 1683 ; free virtual = 19980
Opt_design Change Summary
=========================


-------------------------------------------------------------------------------------------------------------------------
|  Phase                        |  #Cells created  |  #Cells Removed  |  #Constrained objects preventing optimizations  |
-------------------------------------------------------------------------------------------------------------------------
|  Retarget                     |               0  |               0  |                                              0  |
|  Constant propagation         |               0  |               0  |                                              0  |
|  Sweep                        |               1  |               0  |                                              0  |
|  BUFG optimization            |               0  |               0  |                                              0  |
|  Shift Register Optimization  |               0  |               0  |                                              0  |
|  Post Processing Netlist      |               0  |               0  |                                              0  |
-------------------------------------------------------------------------------------------------------------------------


Ending Logic Optimization Task | Checksum: 25353d203

Time (s): cpu = 00:00:00.03 ; elapsed = 00:00:00.05 . Memory (MB): peak = 2820.324 ; gain = 32.016 ; free physical = 1682 ; free virtual = 19978

Starting Power Optimization Task
INFO: [Pwropt 34-132] Skipping clock gating for clocks with a period < 2.00 ns.
Ending Power Optimization Task | Checksum: 25353d203

Time (s): cpu = 00:00:00.01 ; elapsed = 00:00:00.01 . Memory (MB): peak = 2820.324 ; gain = 0.000 ; free physical = 1676 ; free virtual = 19973

Starting Final Cleanup Task
Ending Final Cleanup Task | Checksum: 25353d203

Time (s): cpu = 00:00:00 ; elapsed = 00:00:00 . Memory (MB): peak = 2820.324 ; gain = 0.000 ; free physical = 1676 ; free virtual = 19973

Starting Netlist Obfuscation Task
Netlist sorting complete. Time (s): cpu = 00:00:00 ; elapsed = 00:00:00 . Memory (MB): peak = 2820.324 ; gain = 0.000 ; free physical = 1676 ; free virtual = 19973
Ending Netlist Obfuscation Task | Checksum: 25353d203

Time (s): cpu = 00:00:00 ; elapsed = 00:00:00 . Memory (MB): peak = 2820.324 ; gain = 0.000 ; free physical = 1676 ; free virtual = 19973
INFO: [Common 17-83] Releasing license: Implementation
27 Infos, 0 Warnings, 0 Critical Warnings and 0 Errors encountered.
opt_design completed successfully
opt_design: Time (s): cpu = 00:00:07 ; elapsed = 00:00:06 . Memory (MB): peak = 2820.324 ; gain = 908.875 ; free physical = 1675 ; free virtual = 19972
INFO: [Vivado 12-24828] Executing command : report_drc -file top_drc_opted.rpt -pb top_drc_opted.pb -rpx top_drc_opted.rpx
Command: report_drc -file top_drc_opted.rpt -pb top_drc_opted.pb -rpx top_drc_opted.rpx
INFO: [IP_Flow 19-234] Refreshing IP repositories
INFO: [IP_Flow 19-1704] No user IP repositories specified
INFO: [IP_Flow 19-2313] Loaded Vivado IP repository '/home/lukas/fpga_vivado/Vivado/2024.2/data/ip'.
INFO: [DRC 23-27] Running DRC with 8 threads
INFO: [Vivado_Tcl 2-168] The results of DRC are in file /home/lukas/fpga_vivado/projects/uart_raspberry/uart_raspberry.runs/impl_1/top_drc_opted.rpt.
report_drc completed successfully
INFO: [Timing 38-480] Writing timing data to binary archive.
Write ShapeDB Complete: Time (s): cpu = 00:00:00 ; elapsed = 00:00:00 . Memory (MB): peak = 2823.293 ; gain = 0.000 ; free physical = 1640 ; free virtual = 19937
Wrote PlaceDB: Time (s): cpu = 00:00:00 ; elapsed = 00:00:00 . Memory (MB): peak = 2823.293 ; gain = 0.000 ; free physical = 1640 ; free virtual = 19937
Wrote PulsedLatchDB: Time (s): cpu = 00:00:00 ; elapsed = 00:00:00 . Memory (MB): peak = 2823.293 ; gain = 0.000 ; free physical = 1640 ; free virtual = 19937
Writing XDEF routing.
Writing XDEF routing logical nets.
Writing XDEF routing special nets.
Wrote RouteStorage: Time (s): cpu = 00:00:00.03 ; elapsed = 00:00:00.01 . Memory (MB): peak = 2823.293 ; gain = 0.000 ; free physical = 1640 ; free virtual = 19937
Wrote Netlist Cache: Time (s): cpu = 00:00:00 ; elapsed = 00:00:00 . Memory (MB): peak = 2823.293 ; gain = 0.000 ; free physical = 1640 ; free virtual = 19937
Wrote Device Cache: Time (s): cpu = 00:00:00 ; elapsed = 00:00:00 . Memory (MB): peak = 2823.293 ; gain = 0.000 ; free physical = 1640 ; free virtual = 19937
Write Physdb Complete: Time (s): cpu = 00:00:00.03 ; elapsed = 00:00:00.01 . Memory (MB): peak = 2823.293 ; gain = 0.000 ; free physical = 1640 ; free virtual = 19937
INFO: [Common 17-1381] The checkpoint '/home/lukas/fpga_vivado/projects/uart_raspberry/uart_raspberry.runs/impl_1/top_opt.dcp' has been generated.
Command: place_design
Attempting to get a license for feature 'Implementation' and/or device 'xc7a35t'
INFO: [Common 17-349] Got license for feature 'Implementation' and/or device 'xc7a35t'
INFO: [Common 17-83] Releasing license: Implementation
INFO: [DRC 23-27] Running DRC with 8 threads
INFO: [Vivado_Tcl 4-198] DRC finished with 0 Errors
INFO: [Vivado_Tcl 4-199] Please refer to the DRC report (report_drc) for more information.
Running DRC as a precondition to command place_design
INFO: [DRC 23-27] Running DRC with 8 threads
INFO: [Vivado_Tcl 4-198] DRC finished with 0 Errors
INFO: [Vivado_Tcl 4-199] Please refer to the DRC report (report_drc) for more information.
INFO: [Place 30-611] Multithreading enabled for place_design using a maximum of 8 CPUs

Starting Placer Task

Phase 1 Placer Initialization

Phase 1.1 Placer Initialization Netlist Sorting
Netlist sorting complete. Time (s): cpu = 00:00:00 ; elapsed = 00:00:00 . Memory (MB): peak = 2862.574 ; gain = 0.000 ; free physical = 1588 ; free virtual = 19883
Phase 1.1 Placer Initialization Netlist Sorting | Checksum: 23c45ffb4

Time (s): cpu = 00:00:00 ; elapsed = 00:00:00 . Memory (MB): peak = 2862.574 ; gain = 0.000 ; free physical = 1588 ; free virtual = 19883
Netlist sorting complete. Time (s): cpu = 00:00:00 ; elapsed = 00:00:00 . Memory (MB): peak = 2862.574 ; gain = 0.000 ; free physical = 1588 ; free virtual = 19883

Phase 1.2 IO Placement/ Clock Placement/ Build Placer Device
INFO: [Timing 38-35] Done setting XDC timing constraints.
Phase 1.2 IO Placement/ Clock Placement/ Build Placer Device | Checksum: e7b9196a

Time (s): cpu = 00:00:00.32 ; elapsed = 00:00:00.18 . Memory (MB): peak = 2862.574 ; gain = 0.000 ; free physical = 1574 ; free virtual = 19869

Phase 1.3 Build Placer Netlist Model
Phase 1.3 Build Placer Netlist Model | Checksum: 19da32e50

Time (s): cpu = 00:00:00.38 ; elapsed = 00:00:00.2 . Memory (MB): peak = 2862.574 ; gain = 0.000 ; free physical = 1574 ; free virtual = 19869

Phase 1.4 Constrain Clocks/Macros
Phase 1.4 Constrain Clocks/Macros | Checksum: 19da32e50

Time (s): cpu = 00:00:00.38 ; elapsed = 00:00:00.2 . Memory (MB): peak = 2862.574 ; gain = 0.000 ; free physical = 1574 ; free virtual = 19869
Phase 1 Placer Initialization | Checksum: 19da32e50

Time (s): cpu = 00:00:00.38 ; elapsed = 00:00:00.21 . Memory (MB): peak = 2862.574 ; gain = 0.000 ; free physical = 1574 ; free virtual = 19869

Phase 2 Global Placement

Phase 2.1 Floorplanning
Phase 2.1 Floorplanning | Checksum: 19da32e50

Time (s): cpu = 00:00:00.39 ; elapsed = 00:00:00.21 . Memory (MB): peak = 2862.574 ; gain = 0.000 ; free physical = 1574 ; free virtual = 19869

Phase 2.2 Update Timing before SLR Path Opt
Phase 2.2 Update Timing before SLR Path Opt | Checksum: 19da32e50

Time (s): cpu = 00:00:00.39 ; elapsed = 00:00:00.21 . Memory (MB): peak = 2862.574 ; gain = 0.000 ; free physical = 1574 ; free virtual = 19869

Phase 2.3 Post-Processing in Floorplanning
Phase 2.3 Post-Processing in Floorplanning | Checksum: 19da32e50

Time (s): cpu = 00:00:00.39 ; elapsed = 00:00:00.21 . Memory (MB): peak = 2862.574 ; gain = 0.000 ; free physical = 1574 ; free virtual = 19869

Phase 2.4 Global Place Phase1
Phase 2.4 Global Place Phase1 | Checksum: 1b57dd745

Time (s): cpu = 00:00:00.91 ; elapsed = 00:00:00.38 . Memory (MB): peak = 2886.586 ; gain = 24.012 ; free physical = 1603 ; free virtual = 19900

Phase 2.5 Global Place Phase2
WARNING: [Place 46-29] Timing had been disabled during Placer and, therefore, physical synthesis in Placer will be skipped.
Phase 2.5 Global Place Phase2 | Checksum: 1c9ac56e6

Time (s): cpu = 00:00:01 ; elapsed = 00:00:00.41 . Memory (MB): peak = 2886.586 ; gain = 24.012 ; free physical = 1603 ; free virtual = 19901
Phase 2 Global Placement | Checksum: 1c9ac56e6

Time (s): cpu = 00:00:01 ; elapsed = 00:00:00.41 . Memory (MB): peak = 2886.586 ; gain = 24.012 ; free physical = 1603 ; free virtual = 19901

Phase 3 Detail Placement

Phase 3.1 Commit Multi Column Macros
Phase 3.1 Commit Multi Column Macros | Checksum: 1c9ac56e6

Time (s): cpu = 00:00:01 ; elapsed = 00:00:00.41 . Memory (MB): peak = 2886.586 ; gain = 24.012 ; free physical = 1603 ; free virtual = 19901

Phase 3.2 Commit Most Macros & LUTRAMs
Phase 3.2 Commit Most Macros & LUTRAMs | Checksum: 1d5a4cb80

Time (s): cpu = 00:00:01 ; elapsed = 00:00:00.42 . Memory (MB): peak = 2886.586 ; gain = 24.012 ; free physical = 1603 ; free virtual = 19901

Phase 3.3 Area Swap Optimization
Phase 3.3 Area Swap Optimization | Checksum: 23d6a0d8f

Time (s): cpu = 00:00:01 ; elapsed = 00:00:00.43 . Memory (MB): peak = 2886.586 ; gain = 24.012 ; free physical = 1603 ; free virtual = 19901

Phase 3.4 Pipeline Register Optimization
Phase 3.4 Pipeline Register Optimization | Checksum: 23d6a0d8f

Time (s): cpu = 00:00:01 ; elapsed = 00:00:00.43 . Memory (MB): peak = 2886.586 ; gain = 24.012 ; free physical = 1603 ; free virtual = 19901

Phase 3.5 Small Shape Detail Placement
Phase 3.5 Small Shape Detail Placement | Checksum: 22fb14714

Time (s): cpu = 00:00:01 ; elapsed = 00:00:00.49 . Memory (MB): peak = 2886.586 ; gain = 24.012 ; free physical = 1602 ; free virtual = 19900

Phase 3.6 Re-assign LUT pins
Phase 3.6 Re-assign LUT pins | Checksum: 22fb14714

Time (s): cpu = 00:00:01 ; elapsed = 00:00:00.5 . Memory (MB): peak = 2886.586 ; gain = 24.012 ; free physical = 1602 ; free virtual = 19900

Phase 3.7 Pipeline Register Optimization
Phase 3.7 Pipeline Register Optimization | Checksum: 22fb14714

Time (s): cpu = 00:00:01 ; elapsed = 00:00:00.5 . Memory (MB): peak = 2886.586 ; gain = 24.012 ; free physical = 1602 ; free virtual = 19900
Phase 3 Detail Placement | Checksum: 22fb14714

Time (s): cpu = 00:00:01 ; elapsed = 00:00:00.5 . Memory (MB): peak = 2886.586 ; gain = 24.012 ; free physical = 1602 ; free virtual = 19900

Phase 4 Post Placement Optimization and Clean-Up

Phase 4.1 Post Commit Optimization
Phase 4.1 Post Commit Optimization | Checksum: 22fb14714

Time (s): cpu = 00:00:01 ; elapsed = 00:00:00.52 . Memory (MB): peak = 2886.586 ; gain = 24.012 ; free physical = 1602 ; free virtual = 19900

Phase 4.2 Post Placement Cleanup
Phase 4.2 Post Placement Cleanup | Checksum: 22fb14714

Time (s): cpu = 00:00:01 ; elapsed = 00:00:00.52 . Memory (MB): peak = 2886.586 ; gain = 24.012 ; free physical = 1602 ; free virtual = 19900

Phase 4.3 Placer Reporting

Phase 4.3.1 Print Estimated Congestion
INFO: [Place 30-612] Post-Placement Estimated Congestion 
 ____________________________________________________
|           | Global Congestion | Short Congestion  |
| Direction | Region Size       | Region Size       |
|___________|___________________|___________________|
|      North|                1x1|                1x1|
|___________|___________________|___________________|
|      South|                1x1|                1x1|
|___________|___________________|___________________|
|       East|                1x1|                1x1|
|___________|___________________|___________________|
|       West|                1x1|                1x1|
|___________|___________________|___________________|

Phase 4.3.1 Print Estimated Congestion | Checksum: 22fb14714

Time (s): cpu = 00:00:01 ; elapsed = 00:00:00.52 . Memory (MB): peak = 2886.586 ; gain = 24.012 ; free physical = 1602 ; free virtual = 19900
Phase 4.3 Placer Reporting | Checksum: 22fb14714

Time (s): cpu = 00:00:01 ; elapsed = 00:00:00.53 . Memory (MB): peak = 2886.586 ; gain = 24.012 ; free physical = 1602 ; free virtual = 19900

Phase 4.4 Final Placement Cleanup
Netlist sorting complete. Time (s): cpu = 00:00:00 ; elapsed = 00:00:00 . Memory (MB): peak = 2886.586 ; gain = 0.000 ; free physical = 1602 ; free virtual = 19900

Time (s): cpu = 00:00:01 ; elapsed = 00:00:00.53 . Memory (MB): peak = 2886.586 ; gain = 24.012 ; free physical = 1602 ; free virtual = 19900
Phase 4 Post Placement Optimization and Clean-Up | Checksum: 274dd6d0b

Time (s): cpu = 00:00:01 ; elapsed = 00:00:00.53 . Memory (MB): peak = 2886.586 ; gain = 24.012 ; free physical = 1602 ; free virtual = 19900
Ending Placer Task | Checksum: 1df2e77be

Time (s): cpu = 00:00:01 ; elapsed = 00:00:00.53 . Memory (MB): peak = 2886.586 ; gain = 24.012 ; free physical = 1602 ; free virtual = 19900
46 Infos, 1 Warnings, 0 Critical Warnings and 0 Errors encountered.
place_design completed successfully
INFO: [Vivado 12-24838] Running report commands "report_control_sets, report_io, report_utilization" in parallel.
Running report generation with 3 threads.
INFO: [Vivado 12-24828] Executing command : report_control_sets -verbose -file top_control_sets_placed.rpt
report_control_sets: Time (s): cpu = 00:00:00.02 ; elapsed = 00:00:00.07 . Memory (MB): peak = 2886.586 ; gain = 0.000 ; free physical = 1573 ; free virtual = 19870
INFO: [Vivado 12-24828] Executing command : report_utilization -file top_utilization_placed.rpt -pb top_utilization_placed.pb
INFO: [Vivado 12-24828] Executing command : report_io -file top_io_placed.rpt
report_io: Time (s): cpu = 00:00:00.06 ; elapsed = 00:00:00.12 . Memory (MB): peak = 2886.586 ; gain = 0.000 ; free physical = 1549 ; free virtual = 19846
INFO: [Timing 38-480] Writing timing data to binary archive.
Write ShapeDB Complete: Time (s): cpu = 00:00:00.01 ; elapsed = 00:00:00 . Memory (MB): peak = 2886.586 ; gain = 0.000 ; free physical = 1549 ; free virtual = 19846
Wrote PlaceDB: Time (s): cpu = 00:00:00.03 ; elapsed = 00:00:00.01 . Memory (MB): peak = 2886.586 ; gain = 0.000 ; free physical = 1548 ; free virtual = 19846
Wrote PulsedLatchDB: Time (s): cpu = 00:00:00 ; elapsed = 00:00:00 . Memory (MB): peak = 2886.586 ; gain = 0.000 ; free physical = 1548 ; free virtual = 19846
Writing XDEF routing.
Writing XDEF routing logical nets.
Writing XDEF routing special nets.
Wrote RouteStorage: Time (s): cpu = 00:00:00.01 ; elapsed = 00:00:00.01 . Memory (MB): peak = 2886.586 ; gain = 0.000 ; free physical = 1548 ; free virtual = 19846
Wrote Netlist Cache: Time (s): cpu = 00:00:00 ; elapsed = 00:00:00 . Memory (MB): peak = 2886.586 ; gain = 0.000 ; free physical = 1548 ; free virtual = 19846
Wrote Device Cache: Time (s): cpu = 00:00:00.01 ; elapsed = 00:00:00 . Memory (MB): peak = 2886.586 ; gain = 0.000 ; free physical = 1547 ; free virtual = 19845
Write Physdb Complete: Time (s): cpu = 00:00:00.05 ; elapsed = 00:00:00.02 . Memory (MB): peak = 2886.586 ; gain = 0.000 ; free physical = 1547 ; free virtual = 19845
INFO: [Common 17-1381] The checkpoint '/home/lukas/fpga_vivado/projects/uart_raspberry/uart_raspberry.runs/impl_1/top_placed.dcp' has been generated.
Command: phys_opt_design
Attempting to get a license for feature 'Implementation' and/or device 'xc7a35t'
INFO: [Common 17-349] Got license for feature 'Implementation' and/or device 'xc7a35t'

Starting Initial Update Timing Task

Time (s): cpu = 00:00:00.01 ; elapsed = 00:00:00.02 . Memory (MB): peak = 2886.586 ; gain = 0.000 ; free physical = 1532 ; free virtual = 19829
INFO: [Vivado_Tcl 4-235] No timing constraint found. The netlist was not modified.
INFO: [Common 17-83] Releasing license: Implementation
55 Infos, 1 Warnings, 0 Critical Warnings and 0 Errors encountered.
phys_opt_design completed successfully
INFO: [Timing 38-480] Writing timing data to binary archive.
Write ShapeDB Complete: Time (s): cpu = 00:00:00 ; elapsed = 00:00:00 . Memory (MB): peak = 2886.586 ; gain = 0.000 ; free physical = 1532 ; free virtual = 19829
Wrote PlaceDB: Time (s): cpu = 00:00:00.03 ; elapsed = 00:00:00.01 . Memory (MB): peak = 2886.586 ; gain = 0.000 ; free physical = 1530 ; free virtual = 19828
Wrote PulsedLatchDB: Time (s): cpu = 00:00:00 ; elapsed = 00:00:00 . Memory (MB): peak = 2886.586 ; gain = 0.000 ; free physical = 1530 ; free virtual = 19828
Writing XDEF routing.
Writing XDEF routing logical nets.
Writing XDEF routing special nets.
Wrote RouteStorage: Time (s): cpu = 00:00:00.02 ; elapsed = 00:00:00.01 . Memory (MB): peak = 2886.586 ; gain = 0.000 ; free physical = 1530 ; free virtual = 19828
Wrote Netlist Cache: Time (s): cpu = 00:00:00 ; elapsed = 00:00:00 . Memory (MB): peak = 2886.586 ; gain = 0.000 ; free physical = 1530 ; free virtual = 19828
Wrote Device Cache: Time (s): cpu = 00:00:00 ; elapsed = 00:00:00 . Memory (MB): peak = 2886.586 ; gain = 0.000 ; free physical = 1530 ; free virtual = 19828
Write Physdb Complete: Time (s): cpu = 00:00:00.06 ; elapsed = 00:00:00.02 . Memory (MB): peak = 2886.586 ; gain = 0.000 ; free physical = 1530 ; free virtual = 19828
INFO: [Common 17-1381] The checkpoint '/home/lukas/fpga_vivado/projects/uart_raspberry/uart_raspberry.runs/impl_1/top_physopt.dcp' has been generated.
Command: route_design
Attempting to get a license for feature 'Implementation' and/or device 'xc7a35t'
INFO: [Common 17-349] Got license for feature 'Implementation' and/or device 'xc7a35t'


Starting Routing Task
INFO: [Route 35-254] Multithreading enabled for route_design using a maximum of 8 CPUs

Phase 1 Build RT Design
Checksum: PlaceDB: cc6a2c49 ConstDB: 0 ShapeSum: 7242ef1e RouteDB: a0815c57
Post Restoration Checksum: NetGraph: 2b6bc6fe | NumContArr: 8504f38c | Constraints: c2a8fa9d | Timing: c2a8fa9d
Phase 1 Build RT Design | Checksum: 235c2afc4

Time (s): cpu = 00:00:11 ; elapsed = 00:00:09 . Memory (MB): peak = 2944.969 ; gain = 58.383 ; free physical = 1434 ; free virtual = 19735

Phase 2 Router Initialization
INFO: [Route 35-64] No timing constraints were detected. The router will operate in resource-optimization mode.

Phase 2.1 Fix Topology Constraints
Phase 2.1 Fix Topology Constraints | Checksum: 235c2afc4

Time (s): cpu = 00:00:11 ; elapsed = 00:00:09 . Memory (MB): peak = 2974.969 ; gain = 88.383 ; free physical = 1403 ; free virtual = 19704

Phase 2.2 Pre Route Cleanup
Phase 2.2 Pre Route Cleanup | Checksum: 235c2afc4

Time (s): cpu = 00:00:11 ; elapsed = 00:00:09 . Memory (MB): peak = 2974.969 ; gain = 88.383 ; free physical = 1403 ; free virtual = 19704
 Number of Nodes with overlaps = 0

Router Utilization Summary
  Global Vertical Routing Utilization    = 0 %
  Global Horizontal Routing Utilization  = 0 %
  Routable Net Status*
  *Does not include unroutable nets such as driverless and loadless.
  Run report_route_status for detailed report.
  Number of Failed Nets               = 251
    (Failed Nets is the sum of unrouted and partially routed nets)
  Number of Unrouted Nets             = 251
  Number of Partially Routed Nets     = 0
  Number of Node Overlaps             = 0

Phase 2 Router Initialization | Checksum: 27d7dbde1

Time (s): cpu = 00:00:11 ; elapsed = 00:00:09 . Memory (MB): peak = 3000.969 ; gain = 114.383 ; free physical = 1372 ; free virtual = 19673

Phase 3 Global Routing
Phase 3 Global Routing | Checksum: 27d7dbde1

Time (s): cpu = 00:00:11 ; elapsed = 00:00:09 . Memory (MB): peak = 3000.969 ; gain = 114.383 ; free physical = 1372 ; free virtual = 19673

Phase 4 Initial Routing

Phase 4.1 Initial Net Routing Pass
Phase 4.1 Initial Net Routing Pass | Checksum: 297b64e37

Time (s): cpu = 00:00:12 ; elapsed = 00:00:09 . Memory (MB): peak = 3000.969 ; gain = 114.383 ; free physical = 1372 ; free virtual = 19673
Phase 4 Initial Routing | Checksum: 297b64e37

Time (s): cpu = 00:00:12 ; elapsed = 00:00:09 . Memory (MB): peak = 3000.969 ; gain = 114.383 ; free physical = 1372 ; free virtual = 19673

Phase 5 Rip-up And Reroute

Phase 5.1 Global Iteration 0
 Number of Nodes with overlaps = 11
 Number of Nodes with overlaps = 0
Phase 5.1 Global Iteration 0 | Checksum: 22cb7b4c7

Time (s): cpu = 00:00:12 ; elapsed = 00:00:10 . Memory (MB): peak = 3000.969 ; gain = 114.383 ; free physical = 1384 ; free virtual = 19685
Phase 5 Rip-up And Reroute | Checksum: 22cb7b4c7

Time (s): cpu = 00:00:12 ; elapsed = 00:00:10 . Memory (MB): peak = 3000.969 ; gain = 114.383 ; free physical = 1384 ; free virtual = 19685

Phase 6 Delay and Skew Optimization
Phase 6 Delay and Skew Optimization | Checksum: 22cb7b4c7

Time (s): cpu = 00:00:12 ; elapsed = 00:00:10 . Memory (MB): peak = 3000.969 ; gain = 114.383 ; free physical = 1384 ; free virtual = 19685

Phase 7 Post Hold Fix

Phase 7.1 Hold Fix Iter
Phase 7.1 Hold Fix Iter | Checksum: 22cb7b4c7

Time (s): cpu = 00:00:12 ; elapsed = 00:00:10 . Memory (MB): peak = 3000.969 ; gain = 114.383 ; free physical = 1384 ; free virtual = 19685
Phase 7 Post Hold Fix | Checksum: 22cb7b4c7

Time (s): cpu = 00:00:12 ; elapsed = 00:00:10 . Memory (MB): peak = 3000.969 ; gain = 114.383 ; free physical = 1384 ; free virtual = 19685

Phase 8 Route finalize

Router Utilization Summary
  Global Vertical Routing Utilization    = 0.139042 %
  Global Horizontal Routing Utilization  = 0.0938313 %
  Routable Net Status*
  *Does not include unroutable nets such as driverless and loadless.
  Run report_route_status for detailed report.
  Number of Failed Nets               = 0
    (Failed Nets is the sum of unrouted and partially routed nets)
  Number of Unrouted Nets             = 0
  Number of Partially Routed Nets     = 0
  Number of Node Overlaps             = 0


--GLOBAL Congestion:
Utilization threshold used for congestion level computation: 0.85
Congestion Report
North Dir 1x1 Area, Max Cong = 16.2162%, No Congested Regions.
South Dir 1x1 Area, Max Cong = 21.6216%, No Congested Regions.
East Dir 1x1 Area, Max Cong = 35.2941%, No Congested Regions.
West Dir 1x1 Area, Max Cong = 17.6471%, No Congested Regions.

------------------------------
Reporting congestion hotspots
------------------------------
Direction: North
----------------
Congested clusters found at Level 0
Effective congestion level: 0 Aspect Ratio: 1 Sparse Ratio: 0
Direction: South
----------------
Congested clusters found at Level 0
Effective congestion level: 0 Aspect Ratio: 1 Sparse Ratio: 0
Direction: East
----------------
Congested clusters found at Level 0
Effective congestion level: 0 Aspect Ratio: 1 Sparse Ratio: 0
Direction: West
----------------
Congested clusters found at Level 0
Effective congestion level: 0 Aspect Ratio: 1 Sparse Ratio: 0

Phase 8 Route finalize | Checksum: 22cb7b4c7

Time (s): cpu = 00:00:12 ; elapsed = 00:00:10 . Memory (MB): peak = 3000.969 ; gain = 114.383 ; free physical = 1384 ; free virtual = 19685

Phase 9 Verifying routed nets

 Verification completed successfully
Phase 9 Verifying routed nets | Checksum: 22cb7b4c7

Time (s): cpu = 00:00:12 ; elapsed = 00:00:10 . Memory (MB): peak = 3000.969 ; gain = 114.383 ; free physical = 1383 ; free virtual = 19684

Phase 10 Depositing Routes
Phase 10 Depositing Routes | Checksum: 2cf835713

Time (s): cpu = 00:00:12 ; elapsed = 00:00:10 . Memory (MB): peak = 3000.969 ; gain = 114.383 ; free physical = 1386 ; free virtual = 19688

Phase 11 Post Process Routing
Phase 11 Post Process Routing | Checksum: 2cf835713

Time (s): cpu = 00:00:12 ; elapsed = 00:00:10 . Memory (MB): peak = 3000.969 ; gain = 114.383 ; free physical = 1386 ; free virtual = 19688
Total Elapsed time in route_design: 9.54 secs

Phase 12 Post-Route Event Processing
Phase 12 Post-Route Event Processing | Checksum: 1f2f93e63

Time (s): cpu = 00:00:12 ; elapsed = 00:00:10 . Memory (MB): peak = 3000.969 ; gain = 114.383 ; free physical = 1378 ; free virtual = 19683
INFO: [Route 35-16] Router Completed Successfully
Ending Routing Task | Checksum: 1f2f93e63

Time (s): cpu = 00:00:12 ; elapsed = 00:00:10 . Memory (MB): peak = 3000.969 ; gain = 114.383 ; free physical = 1378 ; free virtual = 19684

Routing Is Done.
INFO: [Common 17-83] Releasing license: Implementation
62 Infos, 1 Warnings, 0 Critical Warnings and 0 Errors encountered.
route_design completed successfully
route_design: Time (s): cpu = 00:00:12 ; elapsed = 00:00:10 . Memory (MB): peak = 3000.969 ; gain = 114.383 ; free physical = 1378 ; free virtual = 19689
INFO: [Vivado 12-24828] Executing command : report_drc -file top_drc_routed.rpt -pb top_drc_routed.pb -rpx top_drc_routed.rpx
Command: report_drc -file top_drc_routed.rpt -pb top_drc_routed.pb -rpx top_drc_routed.rpx
INFO: [IP_Flow 19-1839] IP Catalog is up to date.
INFO: [DRC 23-27] Running DRC with 8 threads
INFO: [Vivado_Tcl 2-168] The results of DRC are in file /home/lukas/fpga_vivado/projects/uart_raspberry/uart_raspberry.runs/impl_1/top_drc_routed.rpt.
report_drc completed successfully
INFO: [Vivado 12-24828] Executing command : report_methodology -file top_methodology_drc_routed.rpt -pb top_methodology_drc_routed.pb -rpx top_methodology_drc_routed.rpx
Command: report_methodology -file top_methodology_drc_routed.rpt -pb top_methodology_drc_routed.pb -rpx top_methodology_drc_routed.rpx
INFO: [Timing 38-35] Done setting XDC timing constraints.
INFO: [DRC 23-133] Running Methodology with 8 threads
INFO: [Vivado_Tcl 2-1520] The results of Report Methodology are in file /home/lukas/fpga_vivado/projects/uart_raspberry/uart_raspberry.runs/impl_1/top_methodology_drc_routed.rpt.
report_methodology completed successfully
INFO: [Vivado 12-24828] Executing command : report_timing_summary -max_paths 10 -report_unconstrained -file top_timing_summary_routed.rpt -pb top_timing_summary_routed.pb -rpx top_timing_summary_routed.rpx -warn_on_violation 
INFO: [Timing 38-35] Done setting XDC timing constraints.
INFO: [Timing 38-91] UpdateTimingParams: Speed grade: -1, Delay Type: min_max.
INFO: [Timing 38-191] Multithreading enabled for timing update using a maximum of 8 CPUs
WARNING: [Timing 38-313] There are no user specified timing constraints. Timing constraints are needed for proper timing analysis.
INFO: [Vivado 12-24838] Running report commands "report_bus_skew, report_incremental_reuse, report_route_status" in parallel.
Running report generation with 3 threads.
INFO: [Vivado 12-24828] Executing command : report_route_status -file top_route_status.rpt -pb top_route_status.pb
INFO: [Vivado 12-24828] Executing command : report_incremental_reuse -file top_incremental_reuse_routed.rpt
INFO: [Vivado_Tcl 4-1062] Incremental flow is disabled. No incremental reuse Info to report.
INFO: [Vivado 12-24828] Executing command : report_bus_skew -warn_on_violation -file top_bus_skew_routed.rpt -pb top_bus_skew_routed.pb -rpx top_bus_skew_routed.rpx
INFO: [Timing 38-91] UpdateTimingParams: Speed grade: -1, Delay Type: min_max.
INFO: [Timing 38-191] Multithreading enabled for timing update using a maximum of 8 CPUs
INFO: [Vivado 12-24828] Executing command : report_power -file top_power_routed.rpt -pb top_power_summary_routed.pb -rpx top_power_routed.rpx
Command: report_power -file top_power_routed.rpt -pb top_power_summary_routed.pb -rpx top_power_routed.rpx
WARNING: [Power 33-232] No user defined clocks were found in the design! Power estimation will be inaccurate until this is corrected.
Resolution: Please specify clocks using create_clock/create_generated_clock for sequential elements. For pure combinatorial circuits, please specify a virtual clock, otherwise the vectorless estimation might be inaccurate
Running Vector-less Activity Propagation...

Finished Running Vector-less Activity Propagation
82 Infos, 3 Warnings, 0 Critical Warnings and 0 Errors encountered.
report_power completed successfully
INFO: [Vivado 12-24828] Executing command : report_clock_utilization -file top_clock_utilization_routed.rpt
INFO: [Timing 38-480] Writing timing data to binary archive.
Write ShapeDB Complete: Time (s): cpu = 00:00:00 ; elapsed = 00:00:00 . Memory (MB): peak = 3164.406 ; gain = 0.000 ; free physical = 1238 ; free virtual = 19534
Wrote PlaceDB: Time (s): cpu = 00:00:00.03 ; elapsed = 00:00:00.01 . Memory (MB): peak = 3164.406 ; gain = 0.000 ; free physical = 1238 ; free virtual = 19534
Wrote PulsedLatchDB: Time (s): cpu = 00:00:00 ; elapsed = 00:00:00 . Memory (MB): peak = 3164.406 ; gain = 0.000 ; free physical = 1238 ; free virtual = 19534
Writing XDEF routing.
Writing XDEF routing logical nets.
Writing XDEF routing special nets.
Wrote RouteStorage: Time (s): cpu = 00:00:00.03 ; elapsed = 00:00:00.01 . Memory (MB): peak = 3164.406 ; gain = 0.000 ; free physical = 1238 ; free virtual = 19534
Wrote Netlist Cache: Time (s): cpu = 00:00:00 ; elapsed = 00:00:00 . Memory (MB): peak = 3164.406 ; gain = 0.000 ; free physical = 1238 ; free virtual = 19534
Wrote Device Cache: Time (s): cpu = 00:00:00 ; elapsed = 00:00:00.01 . Memory (MB): peak = 3164.406 ; gain = 0.000 ; free physical = 1238 ; free virtual = 19534
Write Physdb Complete: Time (s): cpu = 00:00:00.07 ; elapsed = 00:00:00.03 . Memory (MB): peak = 3164.406 ; gain = 0.000 ; free physical = 1238 ; free virtual = 19534
INFO: [Common 17-1381] The checkpoint '/home/lukas/fpga_vivado/projects/uart_raspberry/uart_raspberry.runs/impl_1/top_routed.dcp' has been generated.
Command: write_bitstream -force top.bit
Attempting to get a license for feature 'Implementation' and/or device 'xc7a35t'
INFO: [Common 17-349] Got license for feature 'Implementation' and/or device 'xc7a35t'
Running DRC as a precondition to command write_bitstream
INFO: [IP_Flow 19-1839] IP Catalog is up to date.
INFO: [DRC 23-27] Running DRC with 8 threads
INFO: [Vivado 12-3199] DRC finished with 0 Errors
INFO: [Vivado 12-3200] Please refer to the DRC report (report_drc) for more information.
INFO: [Designutils 20-2272] Running write_bitstream with 8 threads.
Loading data files...
Loading site data...
Loading route data...
Processing options...
Creating bitmap...
Creating bitstream...
Writing bitstream ./top.bit...
INFO: [Vivado 12-1842] Bitgen Completed Successfully.
INFO: [Project 1-1876] WebTalk data collection is mandatory when using a ULT device. To see the specific WebTalk data collected for your design, open the usage_statistics_webtalk.html or usage_statistics_webtalk.xml file in the implementation directory.
INFO: [Common 17-83] Releasing license: Implementation
94 Infos, 3 Warnings, 0 Critical Warnings and 0 Errors encountered.
write_bitstream completed successfully
write_bitstream: Time (s): cpu = 00:00:11 ; elapsed = 00:00:15 . Memory (MB): peak = 3421.297 ; gain = 256.891 ; free physical = 656 ; free virtual = 19013
INFO: [Common 17-206] Exiting Vivado at Sun Mar 23 20:26:30 2025...
