
*** Running vivado
    with args -log sha256.vds -m64 -product Vivado -mode batch -messageDb vivado.pb -notrace -source sha256.tcl


****** Vivado v2024.2 (64-bit)
  **** SW Build 5239630 on Fri Nov 08 22:34:34 MST 2024
  **** IP Build 5239520 on Sun Nov 10 16:12:51 MST 2024
  **** SharedData Build 5239561 on Fri Nov 08 14:39:27 MST 2024
  **** Start of session at: Thu Feb 27 19:57:04 2025
    ** Copyright 1986-2022 Xilinx, Inc. All Rights Reserved.
    ** Copyright 2022-2024 Advanced Micro Devices, Inc. All Rights Reserved.

source sha256.tcl -notrace
create_project: Time (s): cpu = 00:00:05 ; elapsed = 00:00:05 . Memory (MB): peak = 1512.660 ; gain = 76.840 ; free physical = 5307 ; free virtual = 21166
Command: read_checkpoint -auto_incremental -incremental /home/lukas/fpga_vivado/projects/sha56/sha56.srcs/utils_1/imports/synth_1/sha256.dcp
INFO: [Vivado 12-5825] Read reference checkpoint from /home/lukas/fpga_vivado/projects/sha56/sha56.srcs/utils_1/imports/synth_1/sha256.dcp for incremental synthesis
INFO: [Vivado 12-7989] Please ensure there are no constraint changes
Command: synth_design -top sha256 -part xc7a35tcpg236-1
Starting synth_design
Attempting to get a license for feature 'Synthesis' and/or device 'xc7a35t'
INFO: [Common 17-349] Got license for feature 'Synthesis' and/or device 'xc7a35t'
INFO: [Device 21-403] Loading part xc7a35tcpg236-1
INFO: [Designutils 20-5440] No compile time benefit to using incremental synthesis; A full resynthesis will be run
INFO: [Designutils 20-4379] Flow is switching to default flow due to incremental criteria not met. If you would like to alter this behaviour and have the flow terminate instead, please set the following parameter config_implementation {autoIncr.Synth.RejectBehavior Terminate}
INFO: [Synth 8-7079] Multithreading enabled for synth_design using a maximum of 7 processes.
INFO: [Synth 8-7078] Launching helper process for spawning children vivado processes
INFO: [Synth 8-7075] Helper process launched with PID 354119
---------------------------------------------------------------------------------
Starting RTL Elaboration : Time (s): cpu = 00:00:03 ; elapsed = 00:00:03 . Memory (MB): peak = 2112.719 ; gain = 425.832 ; free physical = 4555 ; free virtual = 20393
---------------------------------------------------------------------------------
INFO: [Synth 8-6157] synthesizing module 'sha256' [/home/lukas/fpga_vivado/projects/sha56/sha56.srcs/sources_1/new/sha56.v:1]
INFO: [Synth 8-6157] synthesizing module 'sha_engine' [/home/lukas/fpga_vivado/projects/sha56/sha56.srcs/sources_1/new/sha_engine.v:1]
INFO: [Synth 8-6155] done synthesizing module 'sha_engine' (0#1) [/home/lukas/fpga_vivado/projects/sha56/sha56.srcs/sources_1/new/sha_engine.v:1]
INFO: [Synth 8-6155] done synthesizing module 'sha256' (0#1) [/home/lukas/fpga_vivado/projects/sha56/sha56.srcs/sources_1/new/sha56.v:1]
WARNING: [Synth 8-6014] Unused sequential element index_reg was removed.  [/home/lukas/fpga_vivado/projects/sha56/sha56.srcs/sources_1/new/sha_engine.v:20]
WARNING: [Synth 8-6014] Unused sequential element H_reg[7] was removed.  [/home/lukas/fpga_vivado/projects/sha56/sha56.srcs/sources_1/new/sha_engine.v:21]
WARNING: [Synth 8-6014] Unused sequential element H_reg[6] was removed.  [/home/lukas/fpga_vivado/projects/sha56/sha56.srcs/sources_1/new/sha_engine.v:21]
WARNING: [Synth 8-6014] Unused sequential element H_reg[5] was removed.  [/home/lukas/fpga_vivado/projects/sha56/sha56.srcs/sources_1/new/sha_engine.v:21]
WARNING: [Synth 8-6014] Unused sequential element H_reg[4] was removed.  [/home/lukas/fpga_vivado/projects/sha56/sha56.srcs/sources_1/new/sha_engine.v:21]
WARNING: [Synth 8-6014] Unused sequential element H_reg[3] was removed.  [/home/lukas/fpga_vivado/projects/sha56/sha56.srcs/sources_1/new/sha_engine.v:21]
WARNING: [Synth 8-6014] Unused sequential element H_reg[2] was removed.  [/home/lukas/fpga_vivado/projects/sha56/sha56.srcs/sources_1/new/sha_engine.v:21]
WARNING: [Synth 8-6014] Unused sequential element K_reg[63] was removed.  [/home/lukas/fpga_vivado/projects/sha56/sha56.srcs/sources_1/new/sha_engine.v:30]
WARNING: [Synth 8-6014] Unused sequential element K_reg[62] was removed.  [/home/lukas/fpga_vivado/projects/sha56/sha56.srcs/sources_1/new/sha_engine.v:30]
WARNING: [Synth 8-6014] Unused sequential element K_reg[61] was removed.  [/home/lukas/fpga_vivado/projects/sha56/sha56.srcs/sources_1/new/sha_engine.v:30]
WARNING: [Synth 8-6014] Unused sequential element K_reg[60] was removed.  [/home/lukas/fpga_vivado/projects/sha56/sha56.srcs/sources_1/new/sha_engine.v:30]
WARNING: [Synth 8-6014] Unused sequential element K_reg[59] was removed.  [/home/lukas/fpga_vivado/projects/sha56/sha56.srcs/sources_1/new/sha_engine.v:30]
WARNING: [Synth 8-6014] Unused sequential element K_reg[58] was removed.  [/home/lukas/fpga_vivado/projects/sha56/sha56.srcs/sources_1/new/sha_engine.v:30]
WARNING: [Synth 8-6014] Unused sequential element K_reg[57] was removed.  [/home/lukas/fpga_vivado/projects/sha56/sha56.srcs/sources_1/new/sha_engine.v:30]
WARNING: [Synth 8-6014] Unused sequential element K_reg[56] was removed.  [/home/lukas/fpga_vivado/projects/sha56/sha56.srcs/sources_1/new/sha_engine.v:30]
WARNING: [Synth 8-6014] Unused sequential element K_reg[55] was removed.  [/home/lukas/fpga_vivado/projects/sha56/sha56.srcs/sources_1/new/sha_engine.v:30]
WARNING: [Synth 8-6014] Unused sequential element K_reg[54] was removed.  [/home/lukas/fpga_vivado/projects/sha56/sha56.srcs/sources_1/new/sha_engine.v:30]
WARNING: [Synth 8-6014] Unused sequential element K_reg[53] was removed.  [/home/lukas/fpga_vivado/projects/sha56/sha56.srcs/sources_1/new/sha_engine.v:30]
WARNING: [Synth 8-6014] Unused sequential element K_reg[52] was removed.  [/home/lukas/fpga_vivado/projects/sha56/sha56.srcs/sources_1/new/sha_engine.v:30]
WARNING: [Synth 8-6014] Unused sequential element K_reg[51] was removed.  [/home/lukas/fpga_vivado/projects/sha56/sha56.srcs/sources_1/new/sha_engine.v:30]
WARNING: [Synth 8-6014] Unused sequential element K_reg[50] was removed.  [/home/lukas/fpga_vivado/projects/sha56/sha56.srcs/sources_1/new/sha_engine.v:30]
WARNING: [Synth 8-6014] Unused sequential element K_reg[49] was removed.  [/home/lukas/fpga_vivado/projects/sha56/sha56.srcs/sources_1/new/sha_engine.v:30]
WARNING: [Synth 8-6014] Unused sequential element K_reg[48] was removed.  [/home/lukas/fpga_vivado/projects/sha56/sha56.srcs/sources_1/new/sha_engine.v:30]
WARNING: [Synth 8-6014] Unused sequential element K_reg[47] was removed.  [/home/lukas/fpga_vivado/projects/sha56/sha56.srcs/sources_1/new/sha_engine.v:30]
WARNING: [Synth 8-6014] Unused sequential element K_reg[46] was removed.  [/home/lukas/fpga_vivado/projects/sha56/sha56.srcs/sources_1/new/sha_engine.v:30]
WARNING: [Synth 8-6014] Unused sequential element K_reg[45] was removed.  [/home/lukas/fpga_vivado/projects/sha56/sha56.srcs/sources_1/new/sha_engine.v:30]
WARNING: [Synth 8-6014] Unused sequential element K_reg[44] was removed.  [/home/lukas/fpga_vivado/projects/sha56/sha56.srcs/sources_1/new/sha_engine.v:30]
WARNING: [Synth 8-6014] Unused sequential element K_reg[43] was removed.  [/home/lukas/fpga_vivado/projects/sha56/sha56.srcs/sources_1/new/sha_engine.v:30]
WARNING: [Synth 8-6014] Unused sequential element K_reg[42] was removed.  [/home/lukas/fpga_vivado/projects/sha56/sha56.srcs/sources_1/new/sha_engine.v:30]
WARNING: [Synth 8-6014] Unused sequential element K_reg[41] was removed.  [/home/lukas/fpga_vivado/projects/sha56/sha56.srcs/sources_1/new/sha_engine.v:30]
WARNING: [Synth 8-6014] Unused sequential element K_reg[40] was removed.  [/home/lukas/fpga_vivado/projects/sha56/sha56.srcs/sources_1/new/sha_engine.v:30]
WARNING: [Synth 8-6014] Unused sequential element K_reg[39] was removed.  [/home/lukas/fpga_vivado/projects/sha56/sha56.srcs/sources_1/new/sha_engine.v:30]
WARNING: [Synth 8-6014] Unused sequential element K_reg[38] was removed.  [/home/lukas/fpga_vivado/projects/sha56/sha56.srcs/sources_1/new/sha_engine.v:30]
WARNING: [Synth 8-6014] Unused sequential element K_reg[37] was removed.  [/home/lukas/fpga_vivado/projects/sha56/sha56.srcs/sources_1/new/sha_engine.v:30]
WARNING: [Synth 8-6014] Unused sequential element K_reg[36] was removed.  [/home/lukas/fpga_vivado/projects/sha56/sha56.srcs/sources_1/new/sha_engine.v:30]
WARNING: [Synth 8-6014] Unused sequential element K_reg[35] was removed.  [/home/lukas/fpga_vivado/projects/sha56/sha56.srcs/sources_1/new/sha_engine.v:30]
WARNING: [Synth 8-6014] Unused sequential element K_reg[34] was removed.  [/home/lukas/fpga_vivado/projects/sha56/sha56.srcs/sources_1/new/sha_engine.v:30]
WARNING: [Synth 8-6014] Unused sequential element K_reg[33] was removed.  [/home/lukas/fpga_vivado/projects/sha56/sha56.srcs/sources_1/new/sha_engine.v:30]
WARNING: [Synth 8-6014] Unused sequential element K_reg[32] was removed.  [/home/lukas/fpga_vivado/projects/sha56/sha56.srcs/sources_1/new/sha_engine.v:30]
WARNING: [Synth 8-6014] Unused sequential element K_reg[31] was removed.  [/home/lukas/fpga_vivado/projects/sha56/sha56.srcs/sources_1/new/sha_engine.v:30]
WARNING: [Synth 8-6014] Unused sequential element K_reg[30] was removed.  [/home/lukas/fpga_vivado/projects/sha56/sha56.srcs/sources_1/new/sha_engine.v:30]
WARNING: [Synth 8-6014] Unused sequential element K_reg[29] was removed.  [/home/lukas/fpga_vivado/projects/sha56/sha56.srcs/sources_1/new/sha_engine.v:30]
WARNING: [Synth 8-6014] Unused sequential element K_reg[28] was removed.  [/home/lukas/fpga_vivado/projects/sha56/sha56.srcs/sources_1/new/sha_engine.v:30]
WARNING: [Synth 8-6014] Unused sequential element K_reg[27] was removed.  [/home/lukas/fpga_vivado/projects/sha56/sha56.srcs/sources_1/new/sha_engine.v:30]
WARNING: [Synth 8-6014] Unused sequential element K_reg[26] was removed.  [/home/lukas/fpga_vivado/projects/sha56/sha56.srcs/sources_1/new/sha_engine.v:30]
WARNING: [Synth 8-6014] Unused sequential element K_reg[25] was removed.  [/home/lukas/fpga_vivado/projects/sha56/sha56.srcs/sources_1/new/sha_engine.v:30]
WARNING: [Synth 8-6014] Unused sequential element K_reg[24] was removed.  [/home/lukas/fpga_vivado/projects/sha56/sha56.srcs/sources_1/new/sha_engine.v:30]
WARNING: [Synth 8-6014] Unused sequential element K_reg[23] was removed.  [/home/lukas/fpga_vivado/projects/sha56/sha56.srcs/sources_1/new/sha_engine.v:30]
WARNING: [Synth 8-6014] Unused sequential element K_reg[22] was removed.  [/home/lukas/fpga_vivado/projects/sha56/sha56.srcs/sources_1/new/sha_engine.v:30]
WARNING: [Synth 8-6014] Unused sequential element K_reg[21] was removed.  [/home/lukas/fpga_vivado/projects/sha56/sha56.srcs/sources_1/new/sha_engine.v:30]
WARNING: [Synth 8-6014] Unused sequential element K_reg[20] was removed.  [/home/lukas/fpga_vivado/projects/sha56/sha56.srcs/sources_1/new/sha_engine.v:30]
WARNING: [Synth 8-6014] Unused sequential element K_reg[19] was removed.  [/home/lukas/fpga_vivado/projects/sha56/sha56.srcs/sources_1/new/sha_engine.v:30]
WARNING: [Synth 8-6014] Unused sequential element K_reg[18] was removed.  [/home/lukas/fpga_vivado/projects/sha56/sha56.srcs/sources_1/new/sha_engine.v:30]
WARNING: [Synth 8-6014] Unused sequential element K_reg[17] was removed.  [/home/lukas/fpga_vivado/projects/sha56/sha56.srcs/sources_1/new/sha_engine.v:30]
WARNING: [Synth 8-6014] Unused sequential element K_reg[16] was removed.  [/home/lukas/fpga_vivado/projects/sha56/sha56.srcs/sources_1/new/sha_engine.v:30]
WARNING: [Synth 8-6014] Unused sequential element K_reg[15] was removed.  [/home/lukas/fpga_vivado/projects/sha56/sha56.srcs/sources_1/new/sha_engine.v:30]
WARNING: [Synth 8-6014] Unused sequential element K_reg[14] was removed.  [/home/lukas/fpga_vivado/projects/sha56/sha56.srcs/sources_1/new/sha_engine.v:30]
WARNING: [Synth 8-6014] Unused sequential element K_reg[13] was removed.  [/home/lukas/fpga_vivado/projects/sha56/sha56.srcs/sources_1/new/sha_engine.v:30]
WARNING: [Synth 8-6014] Unused sequential element K_reg[12] was removed.  [/home/lukas/fpga_vivado/projects/sha56/sha56.srcs/sources_1/new/sha_engine.v:30]
WARNING: [Synth 8-6014] Unused sequential element K_reg[11] was removed.  [/home/lukas/fpga_vivado/projects/sha56/sha56.srcs/sources_1/new/sha_engine.v:30]
WARNING: [Synth 8-6014] Unused sequential element K_reg[10] was removed.  [/home/lukas/fpga_vivado/projects/sha56/sha56.srcs/sources_1/new/sha_engine.v:30]
WARNING: [Synth 8-6014] Unused sequential element K_reg[9] was removed.  [/home/lukas/fpga_vivado/projects/sha56/sha56.srcs/sources_1/new/sha_engine.v:30]
WARNING: [Synth 8-6014] Unused sequential element K_reg[8] was removed.  [/home/lukas/fpga_vivado/projects/sha56/sha56.srcs/sources_1/new/sha_engine.v:30]
WARNING: [Synth 8-6014] Unused sequential element K_reg[7] was removed.  [/home/lukas/fpga_vivado/projects/sha56/sha56.srcs/sources_1/new/sha_engine.v:30]
WARNING: [Synth 8-6014] Unused sequential element K_reg[6] was removed.  [/home/lukas/fpga_vivado/projects/sha56/sha56.srcs/sources_1/new/sha_engine.v:30]
WARNING: [Synth 8-6014] Unused sequential element K_reg[5] was removed.  [/home/lukas/fpga_vivado/projects/sha56/sha56.srcs/sources_1/new/sha_engine.v:30]
WARNING: [Synth 8-6014] Unused sequential element K_reg[4] was removed.  [/home/lukas/fpga_vivado/projects/sha56/sha56.srcs/sources_1/new/sha_engine.v:30]
WARNING: [Synth 8-6014] Unused sequential element K_reg[3] was removed.  [/home/lukas/fpga_vivado/projects/sha56/sha56.srcs/sources_1/new/sha_engine.v:30]
WARNING: [Synth 8-6014] Unused sequential element K_reg[2] was removed.  [/home/lukas/fpga_vivado/projects/sha56/sha56.srcs/sources_1/new/sha_engine.v:30]
WARNING: [Synth 8-6014] Unused sequential element K_reg[1] was removed.  [/home/lukas/fpga_vivado/projects/sha56/sha56.srcs/sources_1/new/sha_engine.v:30]
WARNING: [Synth 8-6014] Unused sequential element K_reg[0] was removed.  [/home/lukas/fpga_vivado/projects/sha56/sha56.srcs/sources_1/new/sha_engine.v:30]
WARNING: [Synth 8-6014] Unused sequential element W_reg was removed. 
WARNING: [Synth 8-6014] Unused sequential element sum1_reg was removed.  [/home/lukas/fpga_vivado/projects/sha56/sha56.srcs/sources_1/new/sha_engine.v:122]
WARNING: [Synth 8-6014] Unused sequential element sum0_reg was removed.  [/home/lukas/fpga_vivado/projects/sha56/sha56.srcs/sources_1/new/sha_engine.v:123]
WARNING: [Synth 8-6014] Unused sequential element Ch_reg was removed.  [/home/lukas/fpga_vivado/projects/sha56/sha56.srcs/sources_1/new/sha_engine.v:124]
WARNING: [Synth 8-6014] Unused sequential element Maj_reg was removed.  [/home/lukas/fpga_vivado/projects/sha56/sha56.srcs/sources_1/new/sha_engine.v:125]
WARNING: [Synth 8-6014] Unused sequential element T1_reg was removed.  [/home/lukas/fpga_vivado/projects/sha56/sha56.srcs/sources_1/new/sha_engine.v:126]
WARNING: [Synth 8-6014] Unused sequential element T2_reg was removed.  [/home/lukas/fpga_vivado/projects/sha56/sha56.srcs/sources_1/new/sha_engine.v:127]
WARNING: [Synth 8-6014] Unused sequential element h_reg was removed.  [/home/lukas/fpga_vivado/projects/sha56/sha56.srcs/sources_1/new/sha_engine.v:126]
WARNING: [Synth 8-6014] Unused sequential element g_reg was removed.  [/home/lukas/fpga_vivado/projects/sha56/sha56.srcs/sources_1/new/sha_engine.v:124]
WARNING: [Synth 8-6014] Unused sequential element f_reg was removed.  [/home/lukas/fpga_vivado/projects/sha56/sha56.srcs/sources_1/new/sha_engine.v:124]
WARNING: [Synth 8-6014] Unused sequential element e_reg was removed.  [/home/lukas/fpga_vivado/projects/sha56/sha56.srcs/sources_1/new/sha_engine.v:122]
WARNING: [Synth 8-6014] Unused sequential element d_reg was removed.  [/home/lukas/fpga_vivado/projects/sha56/sha56.srcs/sources_1/new/sha_engine.v:131]
WARNING: [Synth 8-6014] Unused sequential element c_reg was removed.  [/home/lukas/fpga_vivado/projects/sha56/sha56.srcs/sources_1/new/sha_engine.v:125]
WARNING: [Synth 8-6014] Unused sequential element b_reg was removed.  [/home/lukas/fpga_vivado/projects/sha56/sha56.srcs/sources_1/new/sha_engine.v:125]
WARNING: [Synth 8-6014] Unused sequential element a_reg was removed.  [/home/lukas/fpga_vivado/projects/sha56/sha56.srcs/sources_1/new/sha_engine.v:123]
WARNING: [Synth 8-7129] Port word[31] in module sha_engine is either unconnected or has no load
WARNING: [Synth 8-7129] Port word[30] in module sha_engine is either unconnected or has no load
WARNING: [Synth 8-7129] Port word[29] in module sha_engine is either unconnected or has no load
WARNING: [Synth 8-7129] Port word[28] in module sha_engine is either unconnected or has no load
WARNING: [Synth 8-7129] Port word[27] in module sha_engine is either unconnected or has no load
WARNING: [Synth 8-7129] Port word[26] in module sha_engine is either unconnected or has no load
WARNING: [Synth 8-7129] Port word[25] in module sha_engine is either unconnected or has no load
WARNING: [Synth 8-7129] Port word[24] in module sha_engine is either unconnected or has no load
WARNING: [Synth 8-7129] Port word[23] in module sha_engine is either unconnected or has no load
WARNING: [Synth 8-7129] Port word[22] in module sha_engine is either unconnected or has no load
WARNING: [Synth 8-7129] Port word[21] in module sha_engine is either unconnected or has no load
WARNING: [Synth 8-7129] Port word[20] in module sha_engine is either unconnected or has no load
WARNING: [Synth 8-7129] Port word[19] in module sha_engine is either unconnected or has no load
WARNING: [Synth 8-7129] Port word[18] in module sha_engine is either unconnected or has no load
WARNING: [Synth 8-7129] Port word[17] in module sha_engine is either unconnected or has no load
WARNING: [Synth 8-7129] Port word[16] in module sha_engine is either unconnected or has no load
WARNING: [Synth 8-7129] Port word[15] in module sha_engine is either unconnected or has no load
WARNING: [Synth 8-7129] Port word[14] in module sha_engine is either unconnected or has no load
WARNING: [Synth 8-7129] Port word[13] in module sha_engine is either unconnected or has no load
WARNING: [Synth 8-7129] Port word[12] in module sha_engine is either unconnected or has no load
WARNING: [Synth 8-7129] Port word[11] in module sha_engine is either unconnected or has no load
WARNING: [Synth 8-7129] Port word[10] in module sha_engine is either unconnected or has no load
WARNING: [Synth 8-7129] Port word[9] in module sha_engine is either unconnected or has no load
WARNING: [Synth 8-7129] Port word[8] in module sha_engine is either unconnected or has no load
WARNING: [Synth 8-7129] Port word[7] in module sha_engine is either unconnected or has no load
WARNING: [Synth 8-7129] Port word[6] in module sha_engine is either unconnected or has no load
WARNING: [Synth 8-7129] Port word[5] in module sha_engine is either unconnected or has no load
WARNING: [Synth 8-7129] Port word[4] in module sha_engine is either unconnected or has no load
WARNING: [Synth 8-7129] Port word[3] in module sha_engine is either unconnected or has no load
WARNING: [Synth 8-7129] Port word[2] in module sha_engine is either unconnected or has no load
WARNING: [Synth 8-7129] Port word[1] in module sha_engine is either unconnected or has no load
WARNING: [Synth 8-7129] Port word[0] in module sha_engine is either unconnected or has no load
---------------------------------------------------------------------------------
Finished RTL Elaboration : Time (s): cpu = 00:00:04 ; elapsed = 00:00:04 . Memory (MB): peak = 2184.688 ; gain = 497.801 ; free physical = 4473 ; free virtual = 20311
---------------------------------------------------------------------------------
---------------------------------------------------------------------------------
Start Handling Custom Attributes
---------------------------------------------------------------------------------
---------------------------------------------------------------------------------
Finished Handling Custom Attributes : Time (s): cpu = 00:00:04 ; elapsed = 00:00:04 . Memory (MB): peak = 2202.500 ; gain = 515.613 ; free physical = 4473 ; free virtual = 20311
---------------------------------------------------------------------------------
---------------------------------------------------------------------------------
Finished RTL Optimization Phase 1 : Time (s): cpu = 00:00:04 ; elapsed = 00:00:04 . Memory (MB): peak = 2202.500 ; gain = 515.613 ; free physical = 4473 ; free virtual = 20311
---------------------------------------------------------------------------------
Netlist sorting complete. Time (s): cpu = 00:00:00.01 ; elapsed = 00:00:00 . Memory (MB): peak = 2202.500 ; gain = 0.000 ; free physical = 4473 ; free virtual = 20311
INFO: [Project 1-570] Preparing netlist for logic optimization

Processing XDC Constraints
Initializing timing engine
Parsing XDC File [/home/lukas/fpga_vivado/projects/sha56/sha56.srcs/constrs_1/new/constr_timing.xdc]
Finished Parsing XDC File [/home/lukas/fpga_vivado/projects/sha56/sha56.srcs/constrs_1/new/constr_timing.xdc]
Parsing XDC File [/home/lukas/fpga_vivado/projects/sha56/sha56.srcs/constrs_1/new/constr_pin.xdc]
WARNING: [Vivado 12-584] No ports matched 'input_data[0]'. [/home/lukas/fpga_vivado/projects/sha56/sha56.srcs/constrs_1/new/constr_pin.xdc:16]
CRITICAL WARNING: [Common 17-55] 'set_property' expects at least one object. [/home/lukas/fpga_vivado/projects/sha56/sha56.srcs/constrs_1/new/constr_pin.xdc:16]
Resolution: If [get_<value>] was used to populate the object, check to make sure this command returns at least one valid object.
WARNING: [Vivado 12-584] No ports matched 'input_data[1]'. [/home/lukas/fpga_vivado/projects/sha56/sha56.srcs/constrs_1/new/constr_pin.xdc:17]
CRITICAL WARNING: [Common 17-55] 'set_property' expects at least one object. [/home/lukas/fpga_vivado/projects/sha56/sha56.srcs/constrs_1/new/constr_pin.xdc:17]
Resolution: If [get_<value>] was used to populate the object, check to make sure this command returns at least one valid object.
WARNING: [Vivado 12-584] No ports matched 'input_data[2]'. [/home/lukas/fpga_vivado/projects/sha56/sha56.srcs/constrs_1/new/constr_pin.xdc:18]
CRITICAL WARNING: [Common 17-55] 'set_property' expects at least one object. [/home/lukas/fpga_vivado/projects/sha56/sha56.srcs/constrs_1/new/constr_pin.xdc:18]
Resolution: If [get_<value>] was used to populate the object, check to make sure this command returns at least one valid object.
WARNING: [Vivado 12-584] No ports matched 'input_data[3]'. [/home/lukas/fpga_vivado/projects/sha56/sha56.srcs/constrs_1/new/constr_pin.xdc:19]
CRITICAL WARNING: [Common 17-55] 'set_property' expects at least one object. [/home/lukas/fpga_vivado/projects/sha56/sha56.srcs/constrs_1/new/constr_pin.xdc:19]
Resolution: If [get_<value>] was used to populate the object, check to make sure this command returns at least one valid object.
WARNING: [Vivado 12-584] No ports matched 'input_data[4]'. [/home/lukas/fpga_vivado/projects/sha56/sha56.srcs/constrs_1/new/constr_pin.xdc:20]
CRITICAL WARNING: [Common 17-55] 'set_property' expects at least one object. [/home/lukas/fpga_vivado/projects/sha56/sha56.srcs/constrs_1/new/constr_pin.xdc:20]
Resolution: If [get_<value>] was used to populate the object, check to make sure this command returns at least one valid object.
WARNING: [Vivado 12-584] No ports matched 'input_data[5]'. [/home/lukas/fpga_vivado/projects/sha56/sha56.srcs/constrs_1/new/constr_pin.xdc:21]
CRITICAL WARNING: [Common 17-55] 'set_property' expects at least one object. [/home/lukas/fpga_vivado/projects/sha56/sha56.srcs/constrs_1/new/constr_pin.xdc:21]
Resolution: If [get_<value>] was used to populate the object, check to make sure this command returns at least one valid object.
WARNING: [Vivado 12-584] No ports matched 'input_data[6]'. [/home/lukas/fpga_vivado/projects/sha56/sha56.srcs/constrs_1/new/constr_pin.xdc:22]
CRITICAL WARNING: [Common 17-55] 'set_property' expects at least one object. [/home/lukas/fpga_vivado/projects/sha56/sha56.srcs/constrs_1/new/constr_pin.xdc:22]
Resolution: If [get_<value>] was used to populate the object, check to make sure this command returns at least one valid object.
WARNING: [Vivado 12-584] No ports matched 'input_data[7]'. [/home/lukas/fpga_vivado/projects/sha56/sha56.srcs/constrs_1/new/constr_pin.xdc:23]
CRITICAL WARNING: [Common 17-55] 'set_property' expects at least one object. [/home/lukas/fpga_vivado/projects/sha56/sha56.srcs/constrs_1/new/constr_pin.xdc:23]
Resolution: If [get_<value>] was used to populate the object, check to make sure this command returns at least one valid object.
WARNING: [Vivado 12-584] No ports matched 'input_data[8]'. [/home/lukas/fpga_vivado/projects/sha56/sha56.srcs/constrs_1/new/constr_pin.xdc:24]
CRITICAL WARNING: [Common 17-55] 'set_property' expects at least one object. [/home/lukas/fpga_vivado/projects/sha56/sha56.srcs/constrs_1/new/constr_pin.xdc:24]
Resolution: If [get_<value>] was used to populate the object, check to make sure this command returns at least one valid object.
WARNING: [Vivado 12-584] No ports matched 'input_data[9]'. [/home/lukas/fpga_vivado/projects/sha56/sha56.srcs/constrs_1/new/constr_pin.xdc:25]
CRITICAL WARNING: [Common 17-55] 'set_property' expects at least one object. [/home/lukas/fpga_vivado/projects/sha56/sha56.srcs/constrs_1/new/constr_pin.xdc:25]
Resolution: If [get_<value>] was used to populate the object, check to make sure this command returns at least one valid object.
WARNING: [Vivado 12-584] No ports matched 'input_data[10]'. [/home/lukas/fpga_vivado/projects/sha56/sha56.srcs/constrs_1/new/constr_pin.xdc:26]
CRITICAL WARNING: [Common 17-55] 'set_property' expects at least one object. [/home/lukas/fpga_vivado/projects/sha56/sha56.srcs/constrs_1/new/constr_pin.xdc:26]
Resolution: If [get_<value>] was used to populate the object, check to make sure this command returns at least one valid object.
WARNING: [Vivado 12-584] No ports matched 'input_data[11]'. [/home/lukas/fpga_vivado/projects/sha56/sha56.srcs/constrs_1/new/constr_pin.xdc:27]
CRITICAL WARNING: [Common 17-55] 'set_property' expects at least one object. [/home/lukas/fpga_vivado/projects/sha56/sha56.srcs/constrs_1/new/constr_pin.xdc:27]
Resolution: If [get_<value>] was used to populate the object, check to make sure this command returns at least one valid object.
WARNING: [Vivado 12-584] No ports matched 'input_data[12]'. [/home/lukas/fpga_vivado/projects/sha56/sha56.srcs/constrs_1/new/constr_pin.xdc:28]
CRITICAL WARNING: [Common 17-55] 'set_property' expects at least one object. [/home/lukas/fpga_vivado/projects/sha56/sha56.srcs/constrs_1/new/constr_pin.xdc:28]
Resolution: If [get_<value>] was used to populate the object, check to make sure this command returns at least one valid object.
WARNING: [Vivado 12-584] No ports matched 'input_data[13]'. [/home/lukas/fpga_vivado/projects/sha56/sha56.srcs/constrs_1/new/constr_pin.xdc:29]
CRITICAL WARNING: [Common 17-55] 'set_property' expects at least one object. [/home/lukas/fpga_vivado/projects/sha56/sha56.srcs/constrs_1/new/constr_pin.xdc:29]
Resolution: If [get_<value>] was used to populate the object, check to make sure this command returns at least one valid object.
WARNING: [Vivado 12-584] No ports matched 'input_data[14]'. [/home/lukas/fpga_vivado/projects/sha56/sha56.srcs/constrs_1/new/constr_pin.xdc:30]
CRITICAL WARNING: [Common 17-55] 'set_property' expects at least one object. [/home/lukas/fpga_vivado/projects/sha56/sha56.srcs/constrs_1/new/constr_pin.xdc:30]
Resolution: If [get_<value>] was used to populate the object, check to make sure this command returns at least one valid object.
WARNING: [Vivado 12-584] No ports matched 'input_data[15]'. [/home/lukas/fpga_vivado/projects/sha56/sha56.srcs/constrs_1/new/constr_pin.xdc:31]
CRITICAL WARNING: [Common 17-55] 'set_property' expects at least one object. [/home/lukas/fpga_vivado/projects/sha56/sha56.srcs/constrs_1/new/constr_pin.xdc:31]
Resolution: If [get_<value>] was used to populate the object, check to make sure this command returns at least one valid object.
WARNING: [Vivado 12-584] No ports matched 'input_data[*]'. [/home/lukas/fpga_vivado/projects/sha56/sha56.srcs/constrs_1/new/constr_pin.xdc:32]
CRITICAL WARNING: [Common 17-55] 'set_property' expects at least one object. [/home/lukas/fpga_vivado/projects/sha56/sha56.srcs/constrs_1/new/constr_pin.xdc:32]
Resolution: If [get_<value>] was used to populate the object, check to make sure this command returns at least one valid object.
Finished Parsing XDC File [/home/lukas/fpga_vivado/projects/sha56/sha56.srcs/constrs_1/new/constr_pin.xdc]
INFO: [Project 1-236] Implementation specific constraints were found while reading constraint file [/home/lukas/fpga_vivado/projects/sha56/sha56.srcs/constrs_1/new/constr_pin.xdc]. These constraints will be ignored for synthesis but will be used in implementation. Impacted constraints are listed in the file [.Xil/sha256_propImpl.xdc].
Resolution: To avoid this warning, move constraints listed in [.Xil/sha256_propImpl.xdc] to another XDC file and exclude this new file from synthesis with the used_in_synthesis property (File Properties dialog in GUI) and re-run elaboration/synthesis.
Completed Processing XDC Constraints

Netlist sorting complete. Time (s): cpu = 00:00:00 ; elapsed = 00:00:00 . Memory (MB): peak = 2344.250 ; gain = 0.000 ; free physical = 4481 ; free virtual = 20318
INFO: [Project 1-111] Unisim Transformation Summary:
No Unisim elements were transformed.

Constraint Validation Runtime : Time (s): cpu = 00:00:00 ; elapsed = 00:00:00 . Memory (MB): peak = 2344.250 ; gain = 0.000 ; free physical = 4481 ; free virtual = 20318
INFO: [Designutils 20-5440] No compile time benefit to using incremental synthesis; A full resynthesis will be run
INFO: [Designutils 20-4379] Flow is switching to default flow due to incremental criteria not met. If you would like to alter this behaviour and have the flow terminate instead, please set the following parameter config_implementation {autoIncr.Synth.RejectBehavior Terminate}
---------------------------------------------------------------------------------
Finished Constraint Validation : Time (s): cpu = 00:00:08 ; elapsed = 00:00:09 . Memory (MB): peak = 2344.250 ; gain = 657.363 ; free physical = 4526 ; free virtual = 20361
---------------------------------------------------------------------------------
---------------------------------------------------------------------------------
Start Loading Part and Timing Information
---------------------------------------------------------------------------------
Loading part: xc7a35tcpg236-1
---------------------------------------------------------------------------------
Finished Loading Part and Timing Information : Time (s): cpu = 00:00:08 ; elapsed = 00:00:09 . Memory (MB): peak = 2352.254 ; gain = 665.367 ; free physical = 4526 ; free virtual = 20361
---------------------------------------------------------------------------------
---------------------------------------------------------------------------------
Start Applying 'set_property' XDC Constraints
---------------------------------------------------------------------------------
---------------------------------------------------------------------------------
Finished applying 'set_property' XDC Constraints : Time (s): cpu = 00:00:08 ; elapsed = 00:00:09 . Memory (MB): peak = 2352.254 ; gain = 665.367 ; free physical = 4526 ; free virtual = 20361
---------------------------------------------------------------------------------
---------------------------------------------------------------------------------
Finished RTL Optimization Phase 2 : Time (s): cpu = 00:00:08 ; elapsed = 00:00:09 . Memory (MB): peak = 2352.254 ; gain = 665.367 ; free physical = 4524 ; free virtual = 20360
---------------------------------------------------------------------------------
---------------------------------------------------------------------------------
Start RTL Component Statistics 
---------------------------------------------------------------------------------
Detailed RTL Component Info : 
+---Registers : 
	               32 Bit    Registers := 2     
---------------------------------------------------------------------------------
Finished RTL Component Statistics 
---------------------------------------------------------------------------------
---------------------------------------------------------------------------------
Start Part Resource Summary
---------------------------------------------------------------------------------
Part Resources:
DSPs: 90 (col length:60)
BRAMs: 100 (col length: RAMB18 60 RAMB36 30)
---------------------------------------------------------------------------------
Finished Part Resource Summary
---------------------------------------------------------------------------------
---------------------------------------------------------------------------------
Start Cross Boundary and Area Optimization
---------------------------------------------------------------------------------
WARNING: [Synth 8-7080] Parallel synthesis criteria is not met
WARNING: [Synth 8-7129] Port input_data_16bit[15] in module sha256 is either unconnected or has no load
WARNING: [Synth 8-7129] Port input_data_16bit[14] in module sha256 is either unconnected or has no load
WARNING: [Synth 8-7129] Port input_data_16bit[13] in module sha256 is either unconnected or has no load
WARNING: [Synth 8-7129] Port input_data_16bit[12] in module sha256 is either unconnected or has no load
WARNING: [Synth 8-7129] Port input_data_16bit[11] in module sha256 is either unconnected or has no load
WARNING: [Synth 8-7129] Port input_data_16bit[10] in module sha256 is either unconnected or has no load
WARNING: [Synth 8-7129] Port input_data_16bit[9] in module sha256 is either unconnected or has no load
WARNING: [Synth 8-7129] Port input_data_16bit[8] in module sha256 is either unconnected or has no load
WARNING: [Synth 8-7129] Port input_data_16bit[7] in module sha256 is either unconnected or has no load
WARNING: [Synth 8-7129] Port input_data_16bit[6] in module sha256 is either unconnected or has no load
WARNING: [Synth 8-7129] Port input_data_16bit[5] in module sha256 is either unconnected or has no load
WARNING: [Synth 8-7129] Port input_data_16bit[4] in module sha256 is either unconnected or has no load
WARNING: [Synth 8-7129] Port input_data_16bit[3] in module sha256 is either unconnected or has no load
WARNING: [Synth 8-7129] Port input_data_16bit[2] in module sha256 is either unconnected or has no load
WARNING: [Synth 8-7129] Port input_data_16bit[1] in module sha256 is either unconnected or has no load
WARNING: [Synth 8-7129] Port input_data_16bit[0] in module sha256 is either unconnected or has no load
---------------------------------------------------------------------------------
Finished Cross Boundary and Area Optimization : Time (s): cpu = 00:00:09 ; elapsed = 00:00:10 . Memory (MB): peak = 2352.254 ; gain = 665.367 ; free physical = 4524 ; free virtual = 20363
---------------------------------------------------------------------------------
---------------------------------------------------------------------------------
Start Applying XDC Timing Constraints
---------------------------------------------------------------------------------
---------------------------------------------------------------------------------
Finished Applying XDC Timing Constraints : Time (s): cpu = 00:00:13 ; elapsed = 00:00:13 . Memory (MB): peak = 2364.254 ; gain = 677.367 ; free physical = 4492 ; free virtual = 20328
---------------------------------------------------------------------------------
---------------------------------------------------------------------------------
Start Timing Optimization
---------------------------------------------------------------------------------
---------------------------------------------------------------------------------
Finished Timing Optimization : Time (s): cpu = 00:00:13 ; elapsed = 00:00:13 . Memory (MB): peak = 2364.254 ; gain = 677.367 ; free physical = 4492 ; free virtual = 20328
---------------------------------------------------------------------------------
---------------------------------------------------------------------------------
Start Technology Mapping
---------------------------------------------------------------------------------
---------------------------------------------------------------------------------
Finished Technology Mapping : Time (s): cpu = 00:00:13 ; elapsed = 00:00:13 . Memory (MB): peak = 2374.270 ; gain = 687.383 ; free physical = 4484 ; free virtual = 20320
---------------------------------------------------------------------------------
---------------------------------------------------------------------------------
Start IO Insertion
---------------------------------------------------------------------------------
---------------------------------------------------------------------------------
Start Flattening Before IO Insertion
---------------------------------------------------------------------------------
---------------------------------------------------------------------------------
Finished Flattening Before IO Insertion
---------------------------------------------------------------------------------
---------------------------------------------------------------------------------
Start Final Netlist Cleanup
---------------------------------------------------------------------------------
---------------------------------------------------------------------------------
Finished Final Netlist Cleanup
---------------------------------------------------------------------------------
---------------------------------------------------------------------------------
Finished IO Insertion : Time (s): cpu = 00:00:15 ; elapsed = 00:00:15 . Memory (MB): peak = 2536.082 ; gain = 849.195 ; free physical = 4358 ; free virtual = 20200
---------------------------------------------------------------------------------
---------------------------------------------------------------------------------
Start Renaming Generated Instances
---------------------------------------------------------------------------------
---------------------------------------------------------------------------------
Finished Renaming Generated Instances : Time (s): cpu = 00:00:15 ; elapsed = 00:00:15 . Memory (MB): peak = 2536.082 ; gain = 849.195 ; free physical = 4358 ; free virtual = 20200
---------------------------------------------------------------------------------
---------------------------------------------------------------------------------
Start Rebuilding User Hierarchy
---------------------------------------------------------------------------------
---------------------------------------------------------------------------------
Finished Rebuilding User Hierarchy : Time (s): cpu = 00:00:15 ; elapsed = 00:00:15 . Memory (MB): peak = 2536.082 ; gain = 849.195 ; free physical = 4358 ; free virtual = 20200
---------------------------------------------------------------------------------
---------------------------------------------------------------------------------
Start Renaming Generated Ports
---------------------------------------------------------------------------------
---------------------------------------------------------------------------------
Finished Renaming Generated Ports : Time (s): cpu = 00:00:15 ; elapsed = 00:00:15 . Memory (MB): peak = 2536.082 ; gain = 849.195 ; free physical = 4358 ; free virtual = 20200
---------------------------------------------------------------------------------
---------------------------------------------------------------------------------
Start Handling Custom Attributes
---------------------------------------------------------------------------------
---------------------------------------------------------------------------------
Finished Handling Custom Attributes : Time (s): cpu = 00:00:15 ; elapsed = 00:00:15 . Memory (MB): peak = 2536.082 ; gain = 849.195 ; free physical = 4358 ; free virtual = 20200
---------------------------------------------------------------------------------
---------------------------------------------------------------------------------
Start Renaming Generated Nets
---------------------------------------------------------------------------------
---------------------------------------------------------------------------------
Finished Renaming Generated Nets : Time (s): cpu = 00:00:15 ; elapsed = 00:00:15 . Memory (MB): peak = 2536.082 ; gain = 849.195 ; free physical = 4358 ; free virtual = 20200
---------------------------------------------------------------------------------
---------------------------------------------------------------------------------
Start Writing Synthesis Report
---------------------------------------------------------------------------------

Report BlackBoxes: 
+-+--------------+----------+
| |BlackBox name |Instances |
+-+--------------+----------+
+-+--------------+----------+

Report Cell Usage: 
+------+-----+------+
|      |Cell |Count |
+------+-----+------+
|1     |OBUF |    10|
+------+-----+------+
---------------------------------------------------------------------------------
Finished Writing Synthesis Report : Time (s): cpu = 00:00:15 ; elapsed = 00:00:15 . Memory (MB): peak = 2536.082 ; gain = 849.195 ; free physical = 4358 ; free virtual = 20200
---------------------------------------------------------------------------------
Synthesis finished with 0 errors, 0 critical warnings and 17 warnings.
Synthesis Optimization Runtime : Time (s): cpu = 00:00:14 ; elapsed = 00:00:14 . Memory (MB): peak = 2536.082 ; gain = 707.445 ; free physical = 4356 ; free virtual = 20201
Synthesis Optimization Complete : Time (s): cpu = 00:00:15 ; elapsed = 00:00:15 . Memory (MB): peak = 2536.090 ; gain = 849.195 ; free physical = 4356 ; free virtual = 20201
INFO: [Project 1-571] Translating synthesized netlist
Netlist sorting complete. Time (s): cpu = 00:00:00 ; elapsed = 00:00:00 . Memory (MB): peak = 2536.090 ; gain = 0.000 ; free physical = 4352 ; free virtual = 20197
INFO: [Project 1-570] Preparing netlist for logic optimization
INFO: [Opt 31-138] Pushed 0 inverter(s) to 0 load pin(s).
Netlist sorting complete. Time (s): cpu = 00:00:00 ; elapsed = 00:00:00 . Memory (MB): peak = 2536.090 ; gain = 0.000 ; free physical = 4514 ; free virtual = 20356
INFO: [Project 1-111] Unisim Transformation Summary:
No Unisim elements were transformed.

Synth Design complete | Checksum: 9873df08
INFO: [Common 17-83] Releasing license: Synthesis
23 Infos, 152 Warnings, 17 Critical Warnings and 0 Errors encountered.
synth_design completed successfully
synth_design: Time (s): cpu = 00:00:20 ; elapsed = 00:00:19 . Memory (MB): peak = 2536.090 ; gain = 1019.461 ; free physical = 4513 ; free virtual = 20355
INFO: [Common 17-2834] synth_design peak Physical Memory [PSS] (MB): overall = 1729.452; main = 1729.452; forked = 268.195
INFO: [Common 17-2834] synth_design peak Virtual Memory [VSS] (MB): overall = 3269.266; main = 2536.086; forked = 917.008
INFO: [runtcl-6] Synthesis results are not added to the cache due to CRITICAL_WARNING
Write ShapeDB Complete: Time (s): cpu = 00:00:00 ; elapsed = 00:00:00 . Memory (MB): peak = 2560.094 ; gain = 0.000 ; free physical = 4511 ; free virtual = 20355
INFO: [Common 17-1381] The checkpoint '/home/lukas/fpga_vivado/projects/sha56/sha56.runs/synth_1/sha256.dcp' has been generated.
INFO: [Vivado 12-24828] Executing command : report_utilization -file sha256_utilization_synth.rpt -pb sha256_utilization_synth.pb
INFO: [Common 17-206] Exiting Vivado at Thu Feb 27 19:57:32 2025...
