#-----------------------------------------------------------
# Vivado v2024.2 (64-bit)
# SW Build 5239630 on Fri Nov 08 22:34:34 MST 2024
# IP Build 5239520 on Sun Nov 10 16:12:51 MST 2024
# SharedData Build 5239561 on Fri Nov 08 14:39:27 MST 2024
# Start of session at: Sun Dec 22 19:24:38 2024
# Process ID         : 273132
# Current directory  : /home/lukas/fpga_vivado/projects/counter/execution
# Command line       : vivado -mode batch -source ../tcl_scripts/run_simulation.tcl
# Log file           : /home/lukas/fpga_vivado/projects/counter/execution/vivado.log
# Journal file       : /home/lukas/fpga_vivado/projects/counter/execution/vivado.jou
# Running On         : LukasDell
# Platform           : Ubuntu
# Operating System   : Ubuntu 24.04.1 LTS
# Processor Detail   : AMD Ryzen 5 5625U with Radeon Graphics
# CPU Frequency      : 3470.227 MHz
# CPU Physical cores : 6
# CPU Logical cores  : 12
# Host memory        : 24508 MB
# Swap memory        : 8589 MB
# Total Virtual      : 33098 MB
# Available Virtual  : 25185 MB
#-----------------------------------------------------------
source ../tcl_scripts/run_simulation.tcl
# open_project /home/lukas/fpga_vivado/projects/counter/counter.xpr
INFO: [filemgmt 56-3] Default IP Output Path : Could not find the directory '/home/lukas/fpga_vivado/projects/counter/counter.gen/sources_1'.
Scanning sources...
Finished scanning sources
# set_property top counter_tb [current_fileset -simset]
# launch_simulation
Command: launch_simulation 
INFO: [Vivado 12-12493] Simulation top is 'counter_tb'
INFO: [Vivado 12-5682] Launching behavioral simulation in '/home/lukas/fpga_vivado/projects/counter/counter.sim/sim_1/behav/xsim'
INFO: [SIM-utils-51] Simulation object is 'sim_1'
INFO: [SIM-utils-72] Using boost library from '/home/lukas/fpga_vivado/Vivado/2024.2/tps/boost_1_72_0'
INFO: [SIM-utils-54] Inspecting design source files for 'counter_tb' in fileset 'sim_1'...
INFO: [USF-XSim-97] Finding global include files...
INFO: [USF-XSim-100] Fetching design files from 'sources_1'...(this may take a while)...
INFO: [USF-XSim-101] Fetching design files from 'sim_1'...
INFO: [USF-XSim-2] XSim::Compile design
INFO: [USF-XSim-61] Executing 'COMPILE and ANALYZE' step in '/home/lukas/fpga_vivado/projects/counter/counter.sim/sim_1/behav/xsim'
xvlog --incr --relax -prj counter_tb_vlog.prj
INFO: [VRFC 10-2263] Analyzing Verilog file "/home/lukas/fpga_vivado/projects/counter/MyHDL/hdl/counter.v" into library xil_defaultlib
INFO: [VRFC 10-311] analyzing module counter
INFO: [VRFC 10-2263] Analyzing Verilog file "/home/lukas/fpga_vivado/projects/counter/MyHDL/testbenches/counter_tb.v" into library xil_defaultlib
INFO: [VRFC 10-311] analyzing module counter_tb
ERROR: [VRFC 10-4982] syntax error near ''' [/home/lukas/fpga_vivado/projects/counter/MyHDL/testbenches/counter_tb.v:46]
ERROR: [VRFC 10-4982] syntax error near ''' [/home/lukas/fpga_vivado/projects/counter/MyHDL/testbenches/counter_tb.v:47]
ERROR: [VRFC 10-4982] syntax error near ''' [/home/lukas/fpga_vivado/projects/counter/MyHDL/testbenches/counter_tb.v:48]
ERROR: [VRFC 10-4982] syntax error near 'else' [/home/lukas/fpga_vivado/projects/counter/MyHDL/testbenches/counter_tb.v:56]
ERROR: [VRFC 10-8549] Verilog 2000 keyword 'else' used in incorrect context [/home/lukas/fpga_vivado/projects/counter/MyHDL/testbenches/counter_tb.v:56]
WARNING: [VRFC 10-2096] empty statement in sequential block [/home/lukas/fpga_vivado/projects/counter/MyHDL/testbenches/counter_tb.v:56]
ERROR: [VRFC 10-4982] syntax error near 'else' [/home/lukas/fpga_vivado/projects/counter/MyHDL/testbenches/counter_tb.v:58]
ERROR: [VRFC 10-8549] Verilog 2000 keyword 'else' used in incorrect context [/home/lukas/fpga_vivado/projects/counter/MyHDL/testbenches/counter_tb.v:58]
WARNING: [VRFC 10-2096] empty statement in sequential block [/home/lukas/fpga_vivado/projects/counter/MyHDL/testbenches/counter_tb.v:58]
ERROR: [VRFC 10-2989] 'past_cnt' is not declared [/home/lukas/fpga_vivado/projects/counter/MyHDL/testbenches/counter_tb.v:50]
ERROR: [VRFC 10-2989] 'past_rst' is not declared [/home/lukas/fpga_vivado/projects/counter/MyHDL/testbenches/counter_tb.v:51]
ERROR: [VRFC 10-2989] 'past_rst' is not declared [/home/lukas/fpga_vivado/projects/counter/MyHDL/testbenches/counter_tb.v:55]
ERROR: [VRFC 10-8530] module 'counter_tb' is ignored due to previous errors [/home/lukas/fpga_vivado/projects/counter/MyHDL/testbenches/counter_tb.v:14]
INFO: [USF-XSim-69] 'compile' step finished in '1' seconds
INFO: [USF-XSim-99] Step results log file:'/home/lukas/fpga_vivado/projects/counter/counter.sim/sim_1/behav/xsim/xvlog.log'
ERROR: [USF-XSim-62] 'compile' step failed with error(s). Please check the Tcl console output or '/home/lukas/fpga_vivado/projects/counter/counter.sim/sim_1/behav/xsim/xvlog.log' file for more information.
ERROR: [Vivado 12-4473] Detected error while running simulation. Please correct the issue and retry this operation.
ERROR: [Common 17-39] 'launch_simulation' failed due to earlier errors.

    while executing
"launch_simulation"
    (file "../tcl_scripts/run_simulation.tcl" line 9)
INFO: [Common 17-206] Exiting Vivado at Sun Dec 22 19:24:47 2024...
