
*** Running vivado
    with args -log SPI_slave.vds -m64 -product Vivado -mode batch -messageDb vivado.pb -notrace -source SPI_slave.tcl


****** Vivado v2024.2 (64-bit)
  **** SW Build 5239630 on Fri Nov 08 22:34:34 MST 2024
  **** IP Build 5239520 on Sun Nov 10 16:12:51 MST 2024
  **** SharedData Build 5239561 on Fri Nov 08 14:39:27 MST 2024
  **** Start of session at: Mon Mar 24 19:45:26 2025
    ** Copyright 1986-2022 Xilinx, Inc. All Rights Reserved.
    ** Copyright 2022-2024 Advanced Micro Devices, Inc. All Rights Reserved.

source SPI_slave.tcl -notrace
create_project: Time (s): cpu = 00:00:05 ; elapsed = 00:00:06 . Memory (MB): peak = 1511.891 ; gain = 38.840 ; free physical = 14017 ; free virtual = 26536
Command: read_checkpoint -auto_incremental -incremental /home/lukas/fpga_vivado/projects/spi_smol/spi_smol.srcs/utils_1/imports/synth_1/SPI_slave.dcp
INFO: [Vivado 12-5825] Read reference checkpoint from /home/lukas/fpga_vivado/projects/spi_smol/spi_smol.srcs/utils_1/imports/synth_1/SPI_slave.dcp for incremental synthesis
INFO: [Vivado 12-7989] Please ensure there are no constraint changes
Command: synth_design -top SPI_slave -part xc7a35tcpg236-1
Starting synth_design
Attempting to get a license for feature 'Synthesis' and/or device 'xc7a35t'
INFO: [Common 17-349] Got license for feature 'Synthesis' and/or device 'xc7a35t'
INFO: [Device 21-403] Loading part xc7a35tcpg236-1
INFO: [Designutils 20-5440] No compile time benefit to using incremental synthesis; A full resynthesis will be run
INFO: [Designutils 20-4379] Flow is switching to default flow due to incremental criteria not met. If you would like to alter this behaviour and have the flow terminate instead, please set the following parameter config_implementation {autoIncr.Synth.RejectBehavior Terminate}
INFO: [Synth 8-7079] Multithreading enabled for synth_design using a maximum of 7 processes.
INFO: [Synth 8-7078] Launching helper process for spawning children vivado processes
INFO: [Synth 8-7075] Helper process launched with PID 6503
---------------------------------------------------------------------------------
Starting RTL Elaboration : Time (s): cpu = 00:00:03 ; elapsed = 00:00:03 . Memory (MB): peak = 2112.949 ; gain = 429.801 ; free physical = 13100 ; free virtual = 25680
---------------------------------------------------------------------------------
WARNING: [Synth 8-11121] redeclaration of ANSI port 'LED' is not allowed [/home/lukas/fpga_vivado/projects/spi_smol/spi_smol.srcs/sources_1/new/SPI_slave.v:48]
WARNING: [Synth 8-8983] 'LED' was previously declared with a range [/home/lukas/fpga_vivado/projects/spi_smol/spi_smol.srcs/sources_1/new/SPI_slave.v:48]
INFO: [Synth 8-6157] synthesizing module 'SPI_slave' [/home/lukas/fpga_vivado/projects/spi_smol/spi_smol.srcs/sources_1/new/SPI_slave.v:1]
INFO: [Synth 8-6155] done synthesizing module 'SPI_slave' (0#1) [/home/lukas/fpga_vivado/projects/spi_smol/spi_smol.srcs/sources_1/new/SPI_slave.v:1]
WARNING: [Synth 8-6014] Unused sequential element MOSIr_reg was removed.  [/home/lukas/fpga_vivado/projects/spi_smol/spi_smol.srcs/sources_1/new/SPI_slave.v:22]
WARNING: [Synth 8-6014] Unused sequential element byte_data_received_reg was removed.  [/home/lukas/fpga_vivado/projects/spi_smol/spi_smol.srcs/sources_1/new/SPI_slave.v:41]
WARNING: [Synth 8-7129] Port MOSI in module SPI_slave is either unconnected or has no load
---------------------------------------------------------------------------------
Finished RTL Elaboration : Time (s): cpu = 00:00:04 ; elapsed = 00:00:04 . Memory (MB): peak = 2184.918 ; gain = 501.770 ; free physical = 13094 ; free virtual = 25678
---------------------------------------------------------------------------------
---------------------------------------------------------------------------------
Start Handling Custom Attributes
---------------------------------------------------------------------------------
---------------------------------------------------------------------------------
Finished Handling Custom Attributes : Time (s): cpu = 00:00:04 ; elapsed = 00:00:04 . Memory (MB): peak = 2202.730 ; gain = 519.582 ; free physical = 13094 ; free virtual = 25678
---------------------------------------------------------------------------------
---------------------------------------------------------------------------------
Finished RTL Optimization Phase 1 : Time (s): cpu = 00:00:04 ; elapsed = 00:00:04 . Memory (MB): peak = 2202.730 ; gain = 519.582 ; free physical = 13094 ; free virtual = 25678
---------------------------------------------------------------------------------
Netlist sorting complete. Time (s): cpu = 00:00:00 ; elapsed = 00:00:00 . Memory (MB): peak = 2202.730 ; gain = 0.000 ; free physical = 13094 ; free virtual = 25678
INFO: [Project 1-570] Preparing netlist for logic optimization

Processing XDC Constraints
Initializing timing engine
Parsing XDC File [/home/lukas/fpga_vivado/projects/spi_smol/spi_smol.srcs/constrs_1/new/PIN_CONSTR.xdc]
WARNING: [Vivado 12-507] No nets matched 'clk_IBUF'. [/home/lukas/fpga_vivado/projects/spi_smol/spi_smol.srcs/constrs_1/new/PIN_CONSTR.xdc:5]
CRITICAL WARNING: [Common 17-55] 'set_property' expects at least one object. [/home/lukas/fpga_vivado/projects/spi_smol/spi_smol.srcs/constrs_1/new/PIN_CONSTR.xdc:5]
Resolution: If [get_<value>] was used to populate the object, check to make sure this command returns at least one valid object.
Finished Parsing XDC File [/home/lukas/fpga_vivado/projects/spi_smol/spi_smol.srcs/constrs_1/new/PIN_CONSTR.xdc]
INFO: [Project 1-236] Implementation specific constraints were found while reading constraint file [/home/lukas/fpga_vivado/projects/spi_smol/spi_smol.srcs/constrs_1/new/PIN_CONSTR.xdc]. These constraints will be ignored for synthesis but will be used in implementation. Impacted constraints are listed in the file [.Xil/SPI_slave_propImpl.xdc].
Resolution: To avoid this warning, move constraints listed in [.Xil/SPI_slave_propImpl.xdc] to another XDC file and exclude this new file from synthesis with the used_in_synthesis property (File Properties dialog in GUI) and re-run elaboration/synthesis.
Completed Processing XDC Constraints

Netlist sorting complete. Time (s): cpu = 00:00:00 ; elapsed = 00:00:00 . Memory (MB): peak = 2338.480 ; gain = 0.000 ; free physical = 13087 ; free virtual = 25685
INFO: [Project 1-111] Unisim Transformation Summary:
No Unisim elements were transformed.

Constraint Validation Runtime : Time (s): cpu = 00:00:00 ; elapsed = 00:00:00 . Memory (MB): peak = 2338.480 ; gain = 0.000 ; free physical = 13086 ; free virtual = 25685
INFO: [Designutils 20-5440] No compile time benefit to using incremental synthesis; A full resynthesis will be run
INFO: [Designutils 20-4379] Flow is switching to default flow due to incremental criteria not met. If you would like to alter this behaviour and have the flow terminate instead, please set the following parameter config_implementation {autoIncr.Synth.RejectBehavior Terminate}
---------------------------------------------------------------------------------
Finished Constraint Validation : Time (s): cpu = 00:00:08 ; elapsed = 00:00:09 . Memory (MB): peak = 2338.480 ; gain = 655.332 ; free physical = 13087 ; free virtual = 25686
---------------------------------------------------------------------------------
---------------------------------------------------------------------------------
Start Loading Part and Timing Information
---------------------------------------------------------------------------------
Loading part: xc7a35tcpg236-1
---------------------------------------------------------------------------------
Finished Loading Part and Timing Information : Time (s): cpu = 00:00:08 ; elapsed = 00:00:09 . Memory (MB): peak = 2346.484 ; gain = 663.336 ; free physical = 13087 ; free virtual = 25686
---------------------------------------------------------------------------------
---------------------------------------------------------------------------------
Start Applying 'set_property' XDC Constraints
---------------------------------------------------------------------------------
---------------------------------------------------------------------------------
Finished applying 'set_property' XDC Constraints : Time (s): cpu = 00:00:08 ; elapsed = 00:00:09 . Memory (MB): peak = 2346.484 ; gain = 663.336 ; free physical = 13087 ; free virtual = 25686
---------------------------------------------------------------------------------
---------------------------------------------------------------------------------
Finished RTL Optimization Phase 2 : Time (s): cpu = 00:00:09 ; elapsed = 00:00:09 . Memory (MB): peak = 2346.484 ; gain = 663.336 ; free physical = 13086 ; free virtual = 25687
---------------------------------------------------------------------------------
---------------------------------------------------------------------------------
Start RTL Component Statistics 
---------------------------------------------------------------------------------
Detailed RTL Component Info : 
+---Adders : 
	   2 Input    8 Bit       Adders := 1     
	   2 Input    3 Bit       Adders := 1     
+---Registers : 
	                8 Bit    Registers := 3     
	                3 Bit    Registers := 3     
	                1 Bit    Registers := 1     
+---Muxes : 
	   5 Input    8 Bit        Muxes := 1     
	   4 Input    8 Bit        Muxes := 1     
	   2 Input    8 Bit        Muxes := 1     
---------------------------------------------------------------------------------
Finished RTL Component Statistics 
---------------------------------------------------------------------------------
---------------------------------------------------------------------------------
Start Part Resource Summary
---------------------------------------------------------------------------------
Part Resources:
DSPs: 90 (col length:60)
BRAMs: 100 (col length: RAMB18 60 RAMB36 30)
---------------------------------------------------------------------------------
Finished Part Resource Summary
---------------------------------------------------------------------------------
---------------------------------------------------------------------------------
Start Cross Boundary and Area Optimization
---------------------------------------------------------------------------------
WARNING: [Synth 8-7080] Parallel synthesis criteria is not met
WARNING: [Synth 8-7129] Port MOSI in module SPI_slave is either unconnected or has no load
---------------------------------------------------------------------------------
Finished Cross Boundary and Area Optimization : Time (s): cpu = 00:00:10 ; elapsed = 00:00:10 . Memory (MB): peak = 2346.484 ; gain = 663.336 ; free physical = 13051 ; free virtual = 25658
---------------------------------------------------------------------------------
---------------------------------------------------------------------------------
Start Applying XDC Timing Constraints
---------------------------------------------------------------------------------
---------------------------------------------------------------------------------
Finished Applying XDC Timing Constraints : Time (s): cpu = 00:00:13 ; elapsed = 00:00:14 . Memory (MB): peak = 2382.484 ; gain = 699.336 ; free physical = 12131 ; free virtual = 25127
---------------------------------------------------------------------------------
---------------------------------------------------------------------------------
Start Timing Optimization
---------------------------------------------------------------------------------
---------------------------------------------------------------------------------
Finished Timing Optimization : Time (s): cpu = 00:00:13 ; elapsed = 00:00:14 . Memory (MB): peak = 2382.484 ; gain = 699.336 ; free physical = 12131 ; free virtual = 25127
---------------------------------------------------------------------------------
---------------------------------------------------------------------------------
Start Technology Mapping
---------------------------------------------------------------------------------
---------------------------------------------------------------------------------
Finished Technology Mapping : Time (s): cpu = 00:00:13 ; elapsed = 00:00:14 . Memory (MB): peak = 2401.516 ; gain = 718.367 ; free physical = 12115 ; free virtual = 25111
---------------------------------------------------------------------------------
---------------------------------------------------------------------------------
Start IO Insertion
---------------------------------------------------------------------------------
---------------------------------------------------------------------------------
Start Flattening Before IO Insertion
---------------------------------------------------------------------------------
---------------------------------------------------------------------------------
Finished Flattening Before IO Insertion
---------------------------------------------------------------------------------
---------------------------------------------------------------------------------
Start Final Netlist Cleanup
---------------------------------------------------------------------------------
---------------------------------------------------------------------------------
Finished Final Netlist Cleanup
---------------------------------------------------------------------------------
---------------------------------------------------------------------------------
Finished IO Insertion : Time (s): cpu = 00:00:16 ; elapsed = 00:00:16 . Memory (MB): peak = 2554.328 ; gain = 871.180 ; free physical = 11428 ; free virtual = 24498
---------------------------------------------------------------------------------
---------------------------------------------------------------------------------
Start Renaming Generated Instances
---------------------------------------------------------------------------------
---------------------------------------------------------------------------------
Finished Renaming Generated Instances : Time (s): cpu = 00:00:16 ; elapsed = 00:00:16 . Memory (MB): peak = 2554.328 ; gain = 871.180 ; free physical = 11428 ; free virtual = 24498
---------------------------------------------------------------------------------
---------------------------------------------------------------------------------
Start Rebuilding User Hierarchy
---------------------------------------------------------------------------------
---------------------------------------------------------------------------------
Finished Rebuilding User Hierarchy : Time (s): cpu = 00:00:16 ; elapsed = 00:00:16 . Memory (MB): peak = 2554.328 ; gain = 871.180 ; free physical = 11426 ; free virtual = 24496
---------------------------------------------------------------------------------
---------------------------------------------------------------------------------
Start Renaming Generated Ports
---------------------------------------------------------------------------------
---------------------------------------------------------------------------------
Finished Renaming Generated Ports : Time (s): cpu = 00:00:16 ; elapsed = 00:00:16 . Memory (MB): peak = 2554.328 ; gain = 871.180 ; free physical = 11425 ; free virtual = 24497
---------------------------------------------------------------------------------
---------------------------------------------------------------------------------
Start Handling Custom Attributes
---------------------------------------------------------------------------------
---------------------------------------------------------------------------------
Finished Handling Custom Attributes : Time (s): cpu = 00:00:16 ; elapsed = 00:00:16 . Memory (MB): peak = 2554.328 ; gain = 871.180 ; free physical = 11425 ; free virtual = 24495
---------------------------------------------------------------------------------
---------------------------------------------------------------------------------
Start Renaming Generated Nets
---------------------------------------------------------------------------------
---------------------------------------------------------------------------------
Finished Renaming Generated Nets : Time (s): cpu = 00:00:16 ; elapsed = 00:00:16 . Memory (MB): peak = 2554.328 ; gain = 871.180 ; free physical = 11425 ; free virtual = 24495
---------------------------------------------------------------------------------
---------------------------------------------------------------------------------
Start Writing Synthesis Report
---------------------------------------------------------------------------------

Report BlackBoxes: 
+-+--------------+----------+
| |BlackBox name |Instances |
+-+--------------+----------+
+-+--------------+----------+

Report Cell Usage: 
+------+-----+------+
|      |Cell |Count |
+------+-----+------+
|1     |BUFG |     1|
|2     |LUT1 |     1|
|3     |LUT2 |     3|
|4     |LUT3 |    10|
|5     |LUT4 |     3|
|6     |LUT5 |     2|
|7     |LUT6 |     6|
|8     |FDRE |    34|
|9     |IBUF |     3|
|10    |OBUF |     9|
+------+-----+------+
---------------------------------------------------------------------------------
Finished Writing Synthesis Report : Time (s): cpu = 00:00:16 ; elapsed = 00:00:16 . Memory (MB): peak = 2554.328 ; gain = 871.180 ; free physical = 11425 ; free virtual = 24495
---------------------------------------------------------------------------------
Synthesis finished with 0 errors, 0 critical warnings and 2 warnings.
Synthesis Optimization Runtime : Time (s): cpu = 00:00:15 ; elapsed = 00:00:15 . Memory (MB): peak = 2554.328 ; gain = 735.430 ; free physical = 11414 ; free virtual = 24488
Synthesis Optimization Complete : Time (s): cpu = 00:00:16 ; elapsed = 00:00:16 . Memory (MB): peak = 2554.336 ; gain = 871.180 ; free physical = 11414 ; free virtual = 24488
INFO: [Project 1-571] Translating synthesized netlist
Netlist sorting complete. Time (s): cpu = 00:00:00 ; elapsed = 00:00:00 . Memory (MB): peak = 2554.336 ; gain = 0.000 ; free physical = 11412 ; free virtual = 24491
INFO: [Project 1-570] Preparing netlist for logic optimization
INFO: [Opt 31-138] Pushed 0 inverter(s) to 0 load pin(s).
Netlist sorting complete. Time (s): cpu = 00:00:00 ; elapsed = 00:00:00 . Memory (MB): peak = 2610.355 ; gain = 0.000 ; free physical = 11355 ; free virtual = 24450
INFO: [Project 1-111] Unisim Transformation Summary:
No Unisim elements were transformed.

Synth Design complete | Checksum: bd7fddf5
INFO: [Common 17-83] Releasing license: Synthesis
21 Infos, 8 Warnings, 1 Critical Warnings and 0 Errors encountered.
synth_design completed successfully
synth_design: Time (s): cpu = 00:00:22 ; elapsed = 00:00:21 . Memory (MB): peak = 2610.355 ; gain = 1093.496 ; free physical = 11289 ; free virtual = 24457
INFO: [Common 17-2834] synth_design peak Physical Memory [PSS] (MB): overall = 1770.174; main = 1770.174; forked = 269.212
INFO: [Common 17-2834] synth_design peak Virtual Memory [VSS] (MB): overall = 3263.496; main = 2610.359; forked = 917.008
INFO: [runtcl-6] Synthesis results are not added to the cache due to CRITICAL_WARNING
Write ShapeDB Complete: Time (s): cpu = 00:00:00 ; elapsed = 00:00:00 . Memory (MB): peak = 2634.367 ; gain = 0.000 ; free physical = 11260 ; free virtual = 24374
INFO: [Common 17-1381] The checkpoint '/home/lukas/fpga_vivado/projects/spi_smol/spi_smol.runs/synth_1/SPI_slave.dcp' has been generated.
INFO: [Vivado 12-24828] Executing command : report_utilization -file SPI_slave_utilization_synth.rpt -pb SPI_slave_utilization_synth.pb
INFO: [Common 17-206] Exiting Vivado at Mon Mar 24 19:45:55 2025...
